# JRE version: OpenJDK Runtime Environment (8.0_202-b03) (build 1.8.0_202-release-1483-b03)
# Java VM: OpenJDK 64-Bit Server VM (25.202-b03 mixed mode windows-amd64 compressed oops)
Heap:
 PSYoungGen      total 462848K, used 60451K [0x00000000e0000000, 0x00000000fee00000, 0x0000000100000000)
  eden space 436224K, 12% used [0x00000000e0000000,0x00000000e33ccca0,0x00000000faa00000)
  from space 26624K, 27% used [0x00000000faa00000,0x00000000fb13c010,0x00000000fc400000)
  to   space 26112K, 0% used [0x00000000fd480000,0x00000000fd480000,0x00000000fee00000)
 ParOldGen       total 119296K, used 34607K [0x00000000a0000000, 0x00000000a7480000, 0x00000000e0000000)
  object space 119296K, 29% used [0x00000000a0000000,0x00000000a21cbd90,0x00000000a7480000)
 Metaspace       used 92314K, capacity 98170K, committed 98892K, reserved 1134592K
  class space    used 11778K, capacity 12742K, committed 12916K, reserved 1048576K
GC Heap History (10 events):
Event: 1972.580 GC heap before
{Heap before GC invocations=29 (full 3):
 PSYoungGen      total 477696K, used 477433K [0x00000000e0000000, 0x00000000ffd80000, 0x0000000100000000)
  eden space 464896K, 100% used [0x00000000e0000000,0x00000000fc600000,0x00000000fc600000)
  from space 12800K, 97% used [0x00000000fc600000,0x00000000fd23e660,0x00000000fd280000)
  to   space 28160K, 0% used [0x00000000fe200000,0x00000000fe200000,0x00000000ffd80000)
 ParOldGen       total 119296K, used 46031K [0x00000000a0000000, 0x00000000a7480000, 0x00000000e0000000)
  object space 119296K, 38% used [0x00000000a0000000,0x00000000a2cf3cc0,0x00000000a7480000)
 Metaspace       used 91063K, capacity 95624K, committed 95704K, reserved 1132544K
  class space    used 11685K, capacity 12499K, committed 12544K, reserved 1048576K
Event: 1972.601 GC heap after
Heap after GC invocations=29 (full 3):
 PSYoungGen      total 494592K, used 15158K [0x00000000e0000000, 0x0000000100000000, 0x0000000100000000)
  eden space 466432K, 0% used [0x00000000e0000000,0x00000000e0000000,0x00000000fc780000)
  from space 28160K, 53% used [0x00000000fe200000,0x00000000ff0cd8e8,0x00000000ffd80000)
  to   space 27136K, 0% used [0x00000000fc780000,0x00000000fc780000,0x00000000fe200000)
 ParOldGen       total 119296K, used 46039K [0x00000000a0000000, 0x00000000a7480000, 0x00000000e0000000)
  object space 119296K, 38% used [0x00000000a0000000,0x00000000a2cf5cc0,0x00000000a7480000)
 Metaspace       used 91063K, capacity 95624K, committed 95704K, reserved 1132544K
  class space    used 11685K, capacity 12499K, committed 12544K, reserved 1048576K
}
Event: 2103.193 GC heap before
{Heap before GC invocations=30 (full 3):
 PSYoungGen      total 494592K, used 481590K [0x00000000e0000000, 0x0000000100000000, 0x0000000100000000)
  eden space 466432K, 100% used [0x00000000e0000000,0x00000000fc780000,0x00000000fc780000)
  from space 28160K, 53% used [0x00000000fe200000,0x00000000ff0cd8e8,0x00000000ffd80000)
  to   space 27136K, 0% used [0x00000000fc780000,0x00000000fc780000,0x00000000fe200000)
 ParOldGen       total 119296K, used 46039K [0x00000000a0000000, 0x00000000a7480000, 0x00000000e0000000)
  object space 119296K, 38% used [0x00000000a0000000,0x00000000a2cf5cc0,0x00000000a7480000)
 Metaspace       used 91827K, capacity 96786K, committed 96856K, reserved 1134592K
  class space    used 11756K, capacity 12628K, committed 12672K, reserved 1048576K
Event: 2103.212 GC heap after
Heap after GC invocations=30 (full 3):
 PSYoungGen      total 462848K, used 15392K [0x00000000e0000000, 0x00000000fe880000, 0x0000000100000000)
  eden space 446976K, 0% used [0x00000000e0000000,0x00000000e0000000,0x00000000fb480000)
  from space 15872K, 96% used [0x00000000fc780000,0x00000000fd688060,0x00000000fd700000)
  to   space 17920K, 0% used [0x00000000fd700000,0x00000000fd700000,0x00000000fe880000)
 ParOldGen       total 119296K, used 46047K [0x00000000a0000000, 0x00000000a7480000, 0x00000000e0000000)
  object space 119296K, 38% used [0x00000000a0000000,0x00000000a2cf7cc0,0x00000000a7480000)
 Metaspace       used 91827K, capacity 96786K, committed 96856K, reserved 1134592K
  class space    used 11756K, capacity 12628K, committed 12672K, reserved 1048576K
}
Event: 2193.752 GC heap before
{Heap before GC invocations=31 (full 3):
 PSYoungGen      total 462848K, used 458166K [0x00000000e0000000, 0x00000000fe880000, 0x0000000100000000)
  eden space 446976K, 99% used [0x00000000e0000000,0x00000000fb065978,0x00000000fb480000)
  from space 15872K, 96% used [0x00000000fc780000,0x00000000fd688060,0x00000000fd700000)
  to   space 17920K, 0% used [0x00000000fd700000,0x00000000fd700000,0x00000000fe880000)
 ParOldGen       total 119296K, used 46047K [0x00000000a0000000, 0x00000000a7480000, 0x00000000e0000000)
  object space 119296K, 38% used [0x00000000a0000000,0x00000000a2cf7cc0,0x00000000a7480000)
 Metaspace       used 92580K, capacity 98290K, committed 98380K, reserved 1134592K
  class space    used 11864K, capacity 12826K, committed 12916K, reserved 1048576K
Event: 2193.761 GC heap after
Heap after GC invocations=31 (full 3):
 PSYoungGen      total 435712K, used 7040K [0x00000000e0000000, 0x00000000fde00000, 0x0000000100000000)
  eden space 428544K, 0% used [0x00000000e0000000,0x00000000e0000000,0x00000000fa280000)
  from space 7168K, 98% used [0x00000000fd700000,0x00000000fdde0050,0x00000000fde00000)
  to   space 26624K, 0% used [0x00000000faa00000,0x00000000faa00000,0x00000000fc400000)
 ParOldGen       total 119296K, used 46055K [0x00000000a0000000, 0x00000000a7480000, 0x00000000e0000000)
  object space 119296K, 38% used [0x00000000a0000000,0x00000000a2cf9cc0,0x00000000a7480000)
 Metaspace       used 92580K, capacity 98290K, committed 98380K, reserved 1134592K
  class space    used 11864K, capacity 12826K, committed 12916K, reserved 1048576K
}
Event: 2193.761 GC heap before
{Heap before GC invocations=32 (full 4):
 PSYoungGen      total 435712K, used 7040K [0x00000000e0000000, 0x00000000fde00000, 0x0000000100000000)
  eden space 428544K, 0% used [0x00000000e0000000,0x00000000e0000000,0x00000000fa280000)
  from space 7168K, 98% used [0x00000000fd700000,0x00000000fdde0050,0x00000000fde00000)
  to   space 26624K, 0% used [0x00000000faa00000,0x00000000faa00000,0x00000000fc400000)
 ParOldGen       total 119296K, used 46055K [0x00000000a0000000, 0x00000000a7480000, 0x00000000e0000000)
  object space 119296K, 38% used [0x00000000a0000000,0x00000000a2cf9cc0,0x00000000a7480000)
 Metaspace       used 92580K, capacity 98290K, committed 98380K, reserved 1134592K
  class space    used 11864K, capacity 12826K, committed 12916K, reserved 1048576K
Event: 2193.969 GC heap after
Heap after GC invocations=32 (full 4):
 PSYoungGen      total 435712K, used 0K [0x00000000e0000000, 0x00000000fde00000, 0x0000000100000000)
  eden space 428544K, 0% used [0x00000000e0000000,0x00000000e0000000,0x00000000fa280000)
  from space 7168K, 0% used [0x00000000fd700000,0x00000000fd700000,0x00000000fde00000)
  to   space 26624K, 0% used [0x00000000faa00000,0x00000000faa00000,0x00000000fc400000)
 ParOldGen       total 119296K, used 34607K [0x00000000a0000000, 0x00000000a7480000, 0x00000000e0000000)
  object space 119296K, 29% used [0x00000000a0000000,0x00000000a21cbd90,0x00000000a7480000)
 Metaspace       used 91659K, capacity 96912K, committed 98380K, reserved 1134592K
  class space    used 11670K, capacity 12545K, committed 12916K, reserved 1048576K
}
Event: 2235.207 GC heap before
{Heap before GC invocations=33 (full 4):
 PSYoungGen      total 435712K, used 428544K [0x00000000e0000000, 0x00000000fde00000, 0x0000000100000000)
  eden space 428544K, 100% used [0x00000000e0000000,0x00000000fa280000,0x00000000fa280000)
  from space 7168K, 0% used [0x00000000fd700000,0x00000000fd700000,0x00000000fde00000)
  to   space 26624K, 0% used [0x00000000faa00000,0x00000000faa00000,0x00000000fc400000)
 ParOldGen       total 119296K, used 34607K [0x00000000a0000000, 0x00000000a7480000, 0x00000000e0000000)
  object space 119296K, 29% used [0x00000000a0000000,0x00000000a21cbd90,0x00000000a7480000)
 Metaspace       used 92306K, capacity 98152K, committed 98892K, reserved 1134592K
  class space    used 11776K, capacity 12739K, committed 12916K, reserved 1048576K
Event: 2235.223 GC heap after
Heap after GC invocations=33 (full 4):
 PSYoungGen      total 462848K, used 7408K [0x00000000e0000000, 0x00000000fee00000, 0x0000000100000000)
  eden space 436224K, 0% used [0x00000000e0000000,0x00000000e0000000,0x00000000faa00000)
  from space 26624K, 27% used [0x00000000faa00000,0x00000000fb13c010,0x00000000fc400000)
  to   space 26112K, 0% used [0x00000000fd480000,0x00000000fd480000,0x00000000fee00000)
 ParOldGen       total 119296K, used 34607K [0x00000000a0000000, 0x00000000a7480000, 0x00000000e0000000)
  object space 119296K, 29% used [0x00000000a0000000,0x00000000a21cbd90,0x00000000a7480000)
 Metaspace       used 92306K, capacity 98152K, committed 98892K, reserved 1134592K
  class space    used 11776K, capacity 12739K, committed 12916K, reserved 1048576K
}

