# JRE version: OpenJDK Runtime Environment (8.0_202-b03) (build 1.8.0_202-release-1483-b03)
# Java VM: OpenJDK 64-Bit Server VM (25.202-b03 mixed mode windows-amd64 compressed oops)
Heap:
 PSYoungGen      total 122880K, used 23515K [0x00000000e0000000, 0x00000000e8280000, 0x0000000100000000)
  eden space 112128K, 11% used [0x00000000e0000000,0x00000000e0c7afb8,0x00000000e6d80000)
  from space 10752K, 99% used [0x00000000e7800000,0x00000000e827bd18,0x00000000e8280000)
  to   space 10752K, 0% used [0x00000000e6d80000,0x00000000e6d80000,0x00000000e7800000)
 ParOldGen       total 58880K, used 20271K [0x00000000a0000000, 0x00000000a3980000, 0x00000000e0000000)
  object space 58880K, 34% used [0x00000000a0000000,0x00000000a13cbc98,0x00000000a3980000)
 Metaspace       used 45504K, capacity 46558K, committed 46632K, reserved 1089536K
  class space    used 6142K, capacity 6426K, committed 6440K, reserved 1048576K
GC Heap History (10 events):
Event: 2.915 GC heap before
{Heap before GC invocations=8 (full 1):
 PSYoungGen      total 76288K, used 66560K [0x00000000e0000000, 0x00000000e5500000, 0x0000000100000000)
  eden space 66560K, 100% used [0x00000000e0000000,0x00000000e4100000,0x00000000e4100000)
  from space 9728K, 0% used [0x00000000e4b80000,0x00000000e4b80000,0x00000000e5500000)
  to   space 10240K, 0% used [0x00000000e4100000,0x00000000e4100000,0x00000000e4b00000)
 ParOldGen       total 58880K, used 10743K [0x00000000a0000000, 0x00000000a3980000, 0x00000000e0000000)
  object space 58880K, 18% used [0x00000000a0000000,0x00000000a0a7dcc0,0x00000000a3980000)
 Metaspace       used 29037K, capacity 29620K, committed 30080K, reserved 1075200K
  class space    used 3929K, capacity 4102K, committed 4224K, reserved 1048576K
Event: 2.921 GC heap after
Heap after GC invocations=8 (full 1):
 PSYoungGen      total 76800K, used 8041K [0x00000000e0000000, 0x00000000e8280000, 0x0000000100000000)
  eden space 66560K, 0% used [0x00000000e0000000,0x00000000e0000000,0x00000000e4100000)
  from space 10240K, 78% used [0x00000000e4100000,0x00000000e48da798,0x00000000e4b00000)
  to   space 10752K, 0% used [0x00000000e7800000,0x00000000e7800000,0x00000000e8280000)
 ParOldGen       total 58880K, used 10751K [0x00000000a0000000, 0x00000000a3980000, 0x00000000e0000000)
  object space 58880K, 18% used [0x00000000a0000000,0x00000000a0a7fcc0,0x00000000a3980000)
 Metaspace       used 29037K, capacity 29620K, committed 30080K, reserved 1075200K
  class space    used 3929K, capacity 4102K, committed 4224K, reserved 1048576K
}
Event: 3.297 GC heap before
{Heap before GC invocations=9 (full 1):
 PSYoungGen      total 76800K, used 74601K [0x00000000e0000000, 0x00000000e8280000, 0x0000000100000000)
  eden space 66560K, 100% used [0x00000000e0000000,0x00000000e4100000,0x00000000e4100000)
  from space 10240K, 78% used [0x00000000e4100000,0x00000000e48da798,0x00000000e4b00000)
  to   space 10752K, 0% used [0x00000000e7800000,0x00000000e7800000,0x00000000e8280000)
 ParOldGen       total 58880K, used 10751K [0x00000000a0000000, 0x00000000a3980000, 0x00000000e0000000)
  object space 58880K, 18% used [0x00000000a0000000,0x00000000a0a7fcc0,0x00000000a3980000)
 Metaspace       used 32358K, capacity 33010K, committed 33408K, reserved 1077248K
  class space    used 4468K, capacity 4656K, committed 4736K, reserved 1048576K
Event: 3.309 GC heap after
Heap after GC invocations=9 (full 1):
 PSYoungGen      total 122880K, used 8663K [0x00000000e0000000, 0x00000000e8280000, 0x0000000100000000)
  eden space 112128K, 0% used [0x00000000e0000000,0x00000000e0000000,0x00000000e6d80000)
  from space 10752K, 80% used [0x00000000e7800000,0x00000000e8075d08,0x00000000e8280000)
  to   space 10752K, 0% used [0x00000000e6d80000,0x00000000e6d80000,0x00000000e7800000)
 ParOldGen       total 58880K, used 10759K [0x00000000a0000000, 0x00000000a3980000, 0x00000000e0000000)
  object space 58880K, 18% used [0x00000000a0000000,0x00000000a0a81cc0,0x00000000a3980000)
 Metaspace       used 32358K, capacity 33010K, committed 33408K, reserved 1077248K
  class space    used 4468K, capacity 4656K, committed 4736K, reserved 1048576K
}
Event: 3.746 GC heap before
{Heap before GC invocations=10 (full 1):
 PSYoungGen      total 122880K, used 58016K [0x00000000e0000000, 0x00000000e8280000, 0x0000000100000000)
  eden space 112128K, 44% used [0x00000000e0000000,0x00000000e3032608,0x00000000e6d80000)
  from space 10752K, 80% used [0x00000000e7800000,0x00000000e8075d08,0x00000000e8280000)
  to   space 10752K, 0% used [0x00000000e6d80000,0x00000000e6d80000,0x00000000e7800000)
 ParOldGen       total 58880K, used 10759K [0x00000000a0000000, 0x00000000a3980000, 0x00000000e0000000)
  object space 58880K, 18% used [0x00000000a0000000,0x00000000a0a81cc0,0x00000000a3980000)
 Metaspace       used 34719K, capacity 35420K, committed 35496K, reserved 1079296K
  class space    used 4783K, capacity 4997K, committed 5032K, reserved 1048576K
Event: 3.761 GC heap after
Heap after GC invocations=10 (full 1):
 PSYoungGen      total 122880K, used 9655K [0x00000000e0000000, 0x00000000e8280000, 0x0000000100000000)
  eden space 112128K, 0% used [0x00000000e0000000,0x00000000e0000000,0x00000000e6d80000)
  from space 10752K, 89% used [0x00000000e6d80000,0x00000000e76edc78,0x00000000e7800000)
  to   space 10752K, 0% used [0x00000000e7800000,0x00000000e7800000,0x00000000e8280000)
 ParOldGen       total 58880K, used 10767K [0x00000000a0000000, 0x00000000a3980000, 0x00000000e0000000)
  object space 58880K, 18% used [0x00000000a0000000,0x00000000a0a83cc0,0x00000000a3980000)
 Metaspace       used 34719K, capacity 35420K, committed 35496K, reserved 1079296K
  class space    used 4783K, capacity 4997K, committed 5032K, reserved 1048576K
}
Event: 3.761 GC heap before
{Heap before GC invocations=11 (full 2):
 PSYoungGen      total 122880K, used 9655K [0x00000000e0000000, 0x00000000e8280000, 0x0000000100000000)
  eden space 112128K, 0% used [0x00000000e0000000,0x00000000e0000000,0x00000000e6d80000)
  from space 10752K, 89% used [0x00000000e6d80000,0x00000000e76edc78,0x00000000e7800000)
  to   space 10752K, 0% used [0x00000000e7800000,0x00000000e7800000,0x00000000e8280000)
 ParOldGen       total 58880K, used 10767K [0x00000000a0000000, 0x00000000a3980000, 0x00000000e0000000)
  object space 58880K, 18% used [0x00000000a0000000,0x00000000a0a83cc0,0x00000000a3980000)
 Metaspace       used 34719K, capacity 35420K, committed 35496K, reserved 1079296K
  class space    used 4783K, capacity 4997K, committed 5032K, reserved 1048576K
Event: 3.842 GC heap after
Heap after GC invocations=11 (full 2):
 PSYoungGen      total 122880K, used 0K [0x00000000e0000000, 0x00000000e8280000, 0x0000000100000000)
  eden space 112128K, 0% used [0x00000000e0000000,0x00000000e0000000,0x00000000e6d80000)
  from space 10752K, 0% used [0x00000000e6d80000,0x00000000e6d80000,0x00000000e7800000)
  to   space 10752K, 0% used [0x00000000e7800000,0x00000000e7800000,0x00000000e8280000)
 ParOldGen       total 58880K, used 16577K [0x00000000a0000000, 0x00000000a3980000, 0x00000000e0000000)
  object space 58880K, 28% used [0x00000000a0000000,0x00000000a10307c8,0x00000000a3980000)
 Metaspace       used 34714K, capacity 35402K, committed 35496K, reserved 1079296K
  class space    used 4781K, capacity 4994K, committed 5032K, reserved 1048576K
}
Event: 4.763 GC heap before
{Heap before GC invocations=12 (full 2):
 PSYoungGen      total 122880K, used 112128K [0x00000000e0000000, 0x00000000e8280000, 0x0000000100000000)
  eden space 112128K, 100% used [0x00000000e0000000,0x00000000e6d80000,0x00000000e6d80000)
  from space 10752K, 0% used [0x00000000e6d80000,0x00000000e6d80000,0x00000000e7800000)
  to   space 10752K, 0% used [0x00000000e7800000,0x00000000e7800000,0x00000000e8280000)
 ParOldGen       total 58880K, used 16577K [0x00000000a0000000, 0x00000000a3980000, 0x00000000e0000000)
  object space 58880K, 28% used [0x00000000a0000000,0x00000000a10307c8,0x00000000a3980000)
 Metaspace       used 45321K, capacity 46272K, committed 46632K, reserved 1089536K
  class space    used 6104K, capacity 6352K, committed 6440K, reserved 1048576K
Event: 4.778 GC heap after
Heap after GC invocations=12 (full 2):
 PSYoungGen      total 122880K, used 10735K [0x00000000e0000000, 0x00000000e8280000, 0x0000000100000000)
  eden space 112128K, 0% used [0x00000000e0000000,0x00000000e0000000,0x00000000e6d80000)
  from space 10752K, 99% used [0x00000000e7800000,0x00000000e827bd18,0x00000000e8280000)
  to   space 10752K, 0% used [0x00000000e6d80000,0x00000000e6d80000,0x00000000e7800000)
 ParOldGen       total 58880K, used 20271K [0x00000000a0000000, 0x00000000a3980000, 0x00000000e0000000)
  object space 58880K, 34% used [0x00000000a0000000,0x00000000a13cbc98,0x00000000a3980000)
 Metaspace       used 45321K, capacity 46272K, committed 46632K, reserved 1089536K
  class space    used 6104K, capacity 6352K, committed 6440K, reserved 1048576K
}

