# JRE version: OpenJDK Runtime Environment (8.0_202-b03) (build 1.8.0_202-release-1483-b03)
# Java VM: OpenJDK 64-Bit Server VM (25.202-b03 mixed mode windows-amd64 compressed oops)
Heap:
 PSYoungGen      total 39936K, used 28683K [0x00000000e0000000, 0x00000000e3180000, 0x0000000100000000)
  eden space 31232K, 73% used [0x00000000e0000000,0x00000000e1660820,0x00000000e1e80000)
  from space 8704K, 66% used [0x00000000e2900000,0x00000000e2ea2580,0x00000000e3180000)
  to   space 9728K, 0% used [0x00000000e1e80000,0x00000000e1e80000,0x00000000e2800000)
 ParOldGen       total 46080K, used 8331K [0x00000000a0000000, 0x00000000a2d00000, 0x00000000e0000000)
  object space 46080K, 18% used [0x00000000a0000000,0x00000000a0822f10,0x00000000a2d00000)
 Metaspace       used 29909K, capacity 30424K, committed 30720K, reserved 1075200K
  class space    used 4067K, capacity 4238K, committed 4352K, reserved 1048576K
GC Heap History (10 events):
Event: 17.122 GC heap before
{Heap before GC invocations=5 (full 0):
 PSYoungGen      total 38400K, used 38368K [0x00000000e0000000, 0x00000000e2a80000, 0x0000000100000000)
  eden space 33280K, 100% used [0x00000000e0000000,0x00000000e2080000,0x00000000e2080000)
  from space 5120K, 99% used [0x00000000e2580000,0x00000000e2a78040,0x00000000e2a80000)
  to   space 5120K, 0% used [0x00000000e2080000,0x00000000e2080000,0x00000000e2580000)
 ParOldGen       total 87552K, used 5076K [0x00000000a0000000, 0x00000000a5580000, 0x00000000e0000000)
  object space 87552K, 5% used [0x00000000a0000000,0x00000000a04f52e0,0x00000000a5580000)
 Metaspace       used 19167K, capacity 19712K, committed 19968K, reserved 1067008K
  class space    used 2784K, capacity 2962K, committed 3072K, reserved 1048576K
Event: 17.127 GC heap after
Heap after GC invocations=5 (full 0):
 PSYoungGen      total 37888K, used 5108K [0x00000000e0000000, 0x00000000e3500000, 0x0000000100000000)
  eden space 32768K, 0% used [0x00000000e0000000,0x00000000e0000000,0x00000000e2000000)
  from space 5120K, 99% used [0x00000000e2080000,0x00000000e257d060,0x00000000e2580000)
  to   space 10752K, 0% used [0x00000000e2a80000,0x00000000e2a80000,0x00000000e3500000)
 ParOldGen       total 87552K, used 8704K [0x00000000a0000000, 0x00000000a5580000, 0x00000000e0000000)
  object space 87552K, 9% used [0x00000000a0000000,0x00000000a0880018,0x00000000a5580000)
 Metaspace       used 19167K, capacity 19712K, committed 19968K, reserved 1067008K
  class space    used 2784K, capacity 2962K, committed 3072K, reserved 1048576K
}
Event: 18.548 GC heap before
{Heap before GC invocations=6 (full 0):
 PSYoungGen      total 37888K, used 16580K [0x00000000e0000000, 0x00000000e3500000, 0x0000000100000000)
  eden space 32768K, 35% used [0x00000000e0000000,0x00000000e0b34278,0x00000000e2000000)
  from space 5120K, 99% used [0x00000000e2080000,0x00000000e257d060,0x00000000e2580000)
  to   space 10752K, 0% used [0x00000000e2a80000,0x00000000e2a80000,0x00000000e3500000)
 ParOldGen       total 87552K, used 8704K [0x00000000a0000000, 0x00000000a5580000, 0x00000000e0000000)
  object space 87552K, 9% used [0x00000000a0000000,0x00000000a0880018,0x00000000a5580000)
 Metaspace       used 20641K, capacity 21158K, committed 21296K, reserved 1067008K
  class space    used 2954K, capacity 3123K, committed 3200K, reserved 1048576K
Event: 18.553 GC heap after
Heap after GC invocations=6 (full 0):
 PSYoungGen      total 41472K, used 7119K [0x00000000e0000000, 0x00000000e3380000, 0x0000000100000000)
  eden space 32256K, 0% used [0x00000000e0000000,0x00000000e0000000,0x00000000e1f80000)
  from space 9216K, 77% used [0x00000000e2a80000,0x00000000e3173e68,0x00000000e3380000)
  to   space 10240K, 0% used [0x00000000e1f80000,0x00000000e1f80000,0x00000000e2980000)
 ParOldGen       total 87552K, used 8712K [0x00000000a0000000, 0x00000000a5580000, 0x00000000e0000000)
  object space 87552K, 9% used [0x00000000a0000000,0x00000000a0882018,0x00000000a5580000)
 Metaspace       used 20641K, capacity 21158K, committed 21296K, reserved 1067008K
  class space    used 2954K, capacity 3123K, committed 3200K, reserved 1048576K
}
Event: 18.553 GC heap before
{Heap before GC invocations=7 (full 1):
 PSYoungGen      total 41472K, used 7119K [0x00000000e0000000, 0x00000000e3380000, 0x0000000100000000)
  eden space 32256K, 0% used [0x00000000e0000000,0x00000000e0000000,0x00000000e1f80000)
  from space 9216K, 77% used [0x00000000e2a80000,0x00000000e3173e68,0x00000000e3380000)
  to   space 10240K, 0% used [0x00000000e1f80000,0x00000000e1f80000,0x00000000e2980000)
 ParOldGen       total 87552K, used 8712K [0x00000000a0000000, 0x00000000a5580000, 0x00000000e0000000)
  object space 87552K, 9% used [0x00000000a0000000,0x00000000a0882018,0x00000000a5580000)
 Metaspace       used 20641K, capacity 21158K, committed 21296K, reserved 1067008K
  class space    used 2954K, capacity 3123K, committed 3200K, reserved 1048576K
Event: 18.670 GC heap after
Heap after GC invocations=7 (full 1):
 PSYoungGen      total 41472K, used 0K [0x00000000e0000000, 0x00000000e3380000, 0x0000000100000000)
  eden space 32256K, 0% used [0x00000000e0000000,0x00000000e0000000,0x00000000e1f80000)
  from space 9216K, 0% used [0x00000000e2a80000,0x00000000e2a80000,0x00000000e3380000)
  to   space 10240K, 0% used [0x00000000e1f80000,0x00000000e1f80000,0x00000000e2980000)
 ParOldGen       total 46080K, used 8310K [0x00000000a0000000, 0x00000000a2d00000, 0x00000000e0000000)
  object space 46080K, 18% used [0x00000000a0000000,0x00000000a081d9d8,0x00000000a2d00000)
 Metaspace       used 20641K, capacity 21158K, committed 21296K, reserved 1067008K
  class space    used 2954K, capacity 3123K, committed 3200K, reserved 1048576K
}
Event: 24.110 GC heap before
{Heap before GC invocations=8 (full 1):
 PSYoungGen      total 41472K, used 32256K [0x00000000e0000000, 0x00000000e3380000, 0x0000000100000000)
  eden space 32256K, 100% used [0x00000000e0000000,0x00000000e1f80000,0x00000000e1f80000)
  from space 9216K, 0% used [0x00000000e2a80000,0x00000000e2a80000,0x00000000e3380000)
  to   space 10240K, 0% used [0x00000000e1f80000,0x00000000e1f80000,0x00000000e2980000)
 ParOldGen       total 46080K, used 8310K [0x00000000a0000000, 0x00000000a2d00000, 0x00000000e0000000)
  object space 46080K, 18% used [0x00000000a0000000,0x00000000a081d9e8,0x00000000a2d00000)
 Metaspace       used 25886K, capacity 26444K, committed 26752K, reserved 1073152K
  class space    used 3504K, capacity 3707K, committed 3712K, reserved 1048576K
Event: 24.114 GC heap after
Heap after GC invocations=8 (full 1):
 PSYoungGen      total 36352K, used 4579K [0x00000000e0000000, 0x00000000e3300000, 0x0000000100000000)
  eden space 31744K, 0% used [0x00000000e0000000,0x00000000e0000000,0x00000000e1f00000)
  from space 4608K, 99% used [0x00000000e1f80000,0x00000000e23f8c28,0x00000000e2400000)
  to   space 10240K, 0% used [0x00000000e2900000,0x00000000e2900000,0x00000000e3300000)
 ParOldGen       total 46080K, used 8318K [0x00000000a0000000, 0x00000000a2d00000, 0x00000000e0000000)
  object space 46080K, 18% used [0x00000000a0000000,0x00000000a081f9e8,0x00000000a2d00000)
 Metaspace       used 25886K, capacity 26444K, committed 26752K, reserved 1073152K
  class space    used 3504K, capacity 3707K, committed 3712K, reserved 1048576K
}
Event: 25.251 GC heap before
{Heap before GC invocations=9 (full 1):
 PSYoungGen      total 36352K, used 36323K [0x00000000e0000000, 0x00000000e3300000, 0x0000000100000000)
  eden space 31744K, 100% used [0x00000000e0000000,0x00000000e1f00000,0x00000000e1f00000)
  from space 4608K, 99% used [0x00000000e1f80000,0x00000000e23f8c28,0x00000000e2400000)
  to   space 10240K, 0% used [0x00000000e2900000,0x00000000e2900000,0x00000000e3300000)
 ParOldGen       total 46080K, used 8323K [0x00000000a0000000, 0x00000000a2d00000, 0x00000000e0000000)
  object space 46080K, 18% used [0x00000000a0000000,0x00000000a0820f10,0x00000000a2d00000)
 Metaspace       used 28880K, capacity 29466K, committed 29696K, reserved 1075200K
  class space    used 3897K, capacity 4068K, committed 4096K, reserved 1048576K
Event: 25.255 GC heap after
Heap after GC invocations=9 (full 1):
 PSYoungGen      total 39936K, used 5769K [0x00000000e0000000, 0x00000000e3180000, 0x0000000100000000)
  eden space 31232K, 0% used [0x00000000e0000000,0x00000000e0000000,0x00000000e1e80000)
  from space 8704K, 66% used [0x00000000e2900000,0x00000000e2ea2580,0x00000000e3180000)
  to   space 9728K, 0% used [0x00000000e1e80000,0x00000000e1e80000,0x00000000e2800000)
 ParOldGen       total 46080K, used 8331K [0x00000000a0000000, 0x00000000a2d00000, 0x00000000e0000000)
  object space 46080K, 18% used [0x00000000a0000000,0x00000000a0822f10,0x00000000a2d00000)
 Metaspace       used 28880K, capacity 29466K, committed 29696K, reserved 1075200K
  class space    used 3897K, capacity 4068K, committed 4096K, reserved 1048576K
}

