# JRE version: OpenJDK Runtime Environment (8.0_202-b03) (build 1.8.0_202-release-1483-b03)
# Java VM: OpenJDK 64-Bit Server VM (25.202-b03 mixed mode windows-amd64 compressed oops)
Heap:
 PSYoungGen      total 452096K, used 316399K [0x00000000e0000000, 0x00000000fcc80000, 0x0000000100000000)
  eden space 434176K, 71% used [0x00000000e0000000,0x00000000f2d50c58,0x00000000fa800000)
  from space 17920K, 43% used [0x00000000fb980000,0x00000000fc12b0a0,0x00000000fcb00000)
  to   space 17920K, 0% used [0x00000000fa800000,0x00000000fa800000,0x00000000fb980000)
 ParOldGen       total 127488K, used 98858K [0x00000000a0000000, 0x00000000a7c80000, 0x00000000e0000000)
  object space 127488K, 77% used [0x00000000a0000000,0x00000000a608a840,0x00000000a7c80000)
 Metaspace       used 79901K, capacity 83142K, committed 83288K, reserved 1122304K
  class space    used 10448K, capacity 11111K, committed 11136K, reserved 1048576K
GC Heap History (10 events):
Event: 442.194 GC heap before
{Heap before GC invocations=31 (full 3):
 PSYoungGen      total 328192K, used 316019K [0x00000000e0000000, 0x00000000f8900000, 0x0000000100000000)
  eden space 310784K, 100% used [0x00000000e0000000,0x00000000f2f80000,0x00000000f2f80000)
  from space 17408K, 30% used [0x00000000f2f80000,0x00000000f349cc38,0x00000000f4080000)
  to   space 17408K, 0% used [0x00000000f7800000,0x00000000f7800000,0x00000000f8900000)
 ParOldGen       total 127488K, used 76211K [0x00000000a0000000, 0x00000000a7c80000, 0x00000000e0000000)
  object space 127488K, 59% used [0x00000000a0000000,0x00000000a4a6cef0,0x00000000a7c80000)
 Metaspace       used 79416K, capacity 82550K, committed 82776K, reserved 1120256K
  class space    used 10382K, capacity 11039K, committed 11136K, reserved 1048576K
Event: 442.208 GC heap after
Heap after GC invocations=31 (full 3):
 PSYoungGen      total 382976K, used 4480K [0x00000000e0000000, 0x00000000f8780000, 0x0000000100000000)
  eden space 367104K, 0% used [0x00000000e0000000,0x00000000e0000000,0x00000000f6680000)
  from space 15872K, 28% used [0x00000000f7800000,0x00000000f7c60010,0x00000000f8780000)
  to   space 16896K, 0% used [0x00000000f6680000,0x00000000f6680000,0x00000000f7700000)
 ParOldGen       total 127488K, used 80299K [0x00000000a0000000, 0x00000000a7c80000, 0x00000000e0000000)
  object space 127488K, 62% used [0x00000000a0000000,0x00000000a4e6afe8,0x00000000a7c80000)
 Metaspace       used 79416K, capacity 82550K, committed 82776K, reserved 1120256K
  class space    used 10382K, capacity 11039K, committed 11136K, reserved 1048576K
}
Event: 443.097 GC heap before
{Heap before GC invocations=32 (full 3):
 PSYoungGen      total 382976K, used 371584K [0x00000000e0000000, 0x00000000f8780000, 0x0000000100000000)
  eden space 367104K, 100% used [0x00000000e0000000,0x00000000f6680000,0x00000000f6680000)
  from space 15872K, 28% used [0x00000000f7800000,0x00000000f7c60010,0x00000000f8780000)
  to   space 16896K, 0% used [0x00000000f6680000,0x00000000f6680000,0x00000000f7700000)
 ParOldGen       total 127488K, used 80299K [0x00000000a0000000, 0x00000000a7c80000, 0x00000000e0000000)
  object space 127488K, 62% used [0x00000000a0000000,0x00000000a4e6afe8,0x00000000a7c80000)
 Metaspace       used 79733K, capacity 82962K, committed 83032K, reserved 1122304K
  class space    used 10433K, capacity 11101K, committed 11136K, reserved 1048576K
Event: 443.117 GC heap after
Heap after GC invocations=32 (full 3):
 PSYoungGen      total 384000K, used 12152K [0x00000000e0000000, 0x00000000fcb00000, 0x0000000100000000)
  eden space 367104K, 0% used [0x00000000e0000000,0x00000000e0000000,0x00000000f6680000)
  from space 16896K, 71% used [0x00000000f6680000,0x00000000f725e098,0x00000000f7700000)
  to   space 17920K, 0% used [0x00000000fb980000,0x00000000fb980000,0x00000000fcb00000)
 ParOldGen       total 127488K, used 82981K [0x00000000a0000000, 0x00000000a7c80000, 0x00000000e0000000)
  object space 127488K, 65% used [0x00000000a0000000,0x00000000a5109408,0x00000000a7c80000)
 Metaspace       used 79733K, capacity 82962K, committed 83032K, reserved 1122304K
  class space    used 10433K, capacity 11101K, committed 11136K, reserved 1048576K
}
Event: 443.750 GC heap before
{Heap before GC invocations=33 (full 3):
 PSYoungGen      total 384000K, used 379256K [0x00000000e0000000, 0x00000000fcb00000, 0x0000000100000000)
  eden space 367104K, 100% used [0x00000000e0000000,0x00000000f6680000,0x00000000f6680000)
  from space 16896K, 71% used [0x00000000f6680000,0x00000000f725e098,0x00000000f7700000)
  to   space 17920K, 0% used [0x00000000fb980000,0x00000000fb980000,0x00000000fcb00000)
 ParOldGen       total 127488K, used 82981K [0x00000000a0000000, 0x00000000a7c80000, 0x00000000e0000000)
  object space 127488K, 65% used [0x00000000a0000000,0x00000000a5109408,0x00000000a7c80000)
 Metaspace       used 79856K, capacity 83068K, committed 83288K, reserved 1122304K
  class space    used 10446K, capacity 11108K, committed 11136K, reserved 1048576K
Event: 443.766 GC heap after
Heap after GC invocations=33 (full 3):
 PSYoungGen      total 452096K, used 2749K [0x00000000e0000000, 0x00000000fcc80000, 0x0000000100000000)
  eden space 434176K, 0% used [0x00000000e0000000,0x00000000e0000000,0x00000000fa800000)
  from space 17920K, 15% used [0x00000000fb980000,0x00000000fbc2f6b8,0x00000000fcb00000)
  to   space 17920K, 0% used [0x00000000fa800000,0x00000000fa800000,0x00000000fb980000)
 ParOldGen       total 127488K, used 92458K [0x00000000a0000000, 0x00000000a7c80000, 0x00000000e0000000)
  object space 127488K, 72% used [0x00000000a0000000,0x00000000a5a4a870,0x00000000a7c80000)
 Metaspace       used 79856K, capacity 83068K, committed 83288K, reserved 1122304K
  class space    used 10446K, capacity 11108K, committed 11136K, reserved 1048576K
}
Event: 444.686 GC heap before
{Heap before GC invocations=34 (full 3):
 PSYoungGen      total 452096K, used 436925K [0x00000000e0000000, 0x00000000fcc80000, 0x0000000100000000)
  eden space 434176K, 100% used [0x00000000e0000000,0x00000000fa800000,0x00000000fa800000)
  from space 17920K, 15% used [0x00000000fb980000,0x00000000fbc2f6b8,0x00000000fcb00000)
  to   space 17920K, 0% used [0x00000000fa800000,0x00000000fa800000,0x00000000fb980000)
 ParOldGen       total 127488K, used 92458K [0x00000000a0000000, 0x00000000a7c80000, 0x00000000e0000000)
  object space 127488K, 72% used [0x00000000a0000000,0x00000000a5a4a870,0x00000000a7c80000)
 Metaspace       used 79873K, capacity 83068K, committed 83288K, reserved 1122304K
  class space    used 10446K, capacity 11108K, committed 11136K, reserved 1048576K
Event: 444.696 GC heap after
Heap after GC invocations=34 (full 3):
 PSYoungGen      total 452096K, used 7366K [0x00000000e0000000, 0x00000000fcc80000, 0x0000000100000000)
  eden space 434176K, 0% used [0x00000000e0000000,0x00000000e0000000,0x00000000fa800000)
  from space 17920K, 41% used [0x00000000fa800000,0x00000000faf319b0,0x00000000fb980000)
  to   space 17920K, 0% used [0x00000000fb980000,0x00000000fb980000,0x00000000fcb00000)
 ParOldGen       total 127488K, used 93420K [0x00000000a0000000, 0x00000000a7c80000, 0x00000000e0000000)
  object space 127488K, 73% used [0x00000000a0000000,0x00000000a5b3b080,0x00000000a7c80000)
 Metaspace       used 79873K, capacity 83068K, committed 83288K, reserved 1122304K
  class space    used 10446K, capacity 11108K, committed 11136K, reserved 1048576K
}
Event: 445.589 GC heap before
{Heap before GC invocations=35 (full 3):
 PSYoungGen      total 452096K, used 441542K [0x00000000e0000000, 0x00000000fcc80000, 0x0000000100000000)
  eden space 434176K, 100% used [0x00000000e0000000,0x00000000fa800000,0x00000000fa800000)
  from space 17920K, 41% used [0x00000000fa800000,0x00000000faf319b0,0x00000000fb980000)
  to   space 17920K, 0% used [0x00000000fb980000,0x00000000fb980000,0x00000000fcb00000)
 ParOldGen       total 127488K, used 93420K [0x00000000a0000000, 0x00000000a7c80000, 0x00000000e0000000)
  object space 127488K, 73% used [0x00000000a0000000,0x00000000a5b3b080,0x00000000a7c80000)
 Metaspace       used 79886K, capacity 83132K, committed 83288K, reserved 1122304K
  class space    used 10446K, capacity 11108K, committed 11136K, reserved 1048576K
Event: 445.599 GC heap after
Heap after GC invocations=35 (full 3):
 PSYoungGen      total 452096K, used 7852K [0x00000000e0000000, 0x00000000fcc80000, 0x0000000100000000)
  eden space 434176K, 0% used [0x00000000e0000000,0x00000000e0000000,0x00000000fa800000)
  from space 17920K, 43% used [0x00000000fb980000,0x00000000fc12b0a0,0x00000000fcb00000)
  to   space 17920K, 0% used [0x00000000fa800000,0x00000000fa800000,0x00000000fb980000)
 ParOldGen       total 127488K, used 98858K [0x00000000a0000000, 0x00000000a7c80000, 0x00000000e0000000)
  object space 127488K, 77% used [0x00000000a0000000,0x00000000a608a840,0x00000000a7c80000)
 Metaspace       used 79886K, capacity 83132K, committed 83288K, reserved 1122304K
  class space    used 10446K, capacity 11108K, committed 11136K, reserved 1048576K
}

