# JRE version: OpenJDK Runtime Environment (8.0_202-b03) (build 1.8.0_202-release-1483-b03)
# Java VM: OpenJDK 64-Bit Server VM (25.202-b03 mixed mode windows-amd64 compressed oops)
Heap:
 PSYoungGen      total 104960K, used 51640K [0x00000000e0000000, 0x00000000e8f00000, 0x0000000100000000)
  eden space 92672K, 42% used [0x00000000e0000000,0x00000000e266f768,0x00000000e5a80000)
  from space 12288K, 99% used [0x00000000e5a80000,0x00000000e667ea10,0x00000000e6680000)
  to   space 14336K, 0% used [0x00000000e8100000,0x00000000e8100000,0x00000000e8f00000)
 ParOldGen       total 93696K, used 18742K [0x00000000a0000000, 0x00000000a5b80000, 0x00000000e0000000)
  object space 93696K, 20% used [0x00000000a0000000,0x00000000a124d8c8,0x00000000a5b80000)
 Metaspace       used 45607K, capacity 46728K, committed 47016K, reserved 1089536K
  class space    used 6164K, capacity 6459K, committed 6568K, reserved 1048576K
GC Heap History (10 events):
Event: 3.175 GC heap before
{Heap before GC invocations=7 (full 1):
 PSYoungGen      total 71680K, used 66560K [0x00000000e0000000, 0x00000000e4b00000, 0x0000000100000000)
  eden space 66560K, 100% used [0x00000000e0000000,0x00000000e4100000,0x00000000e4100000)
  from space 5120K, 0% used [0x00000000e4100000,0x00000000e4100000,0x00000000e4600000)
  to   space 5120K, 0% used [0x00000000e4600000,0x00000000e4600000,0x00000000e4b00000)
 ParOldGen       total 64000K, used 10726K [0x00000000a0000000, 0x00000000a3e80000, 0x00000000e0000000)
  object space 64000K, 16% used [0x00000000a0000000,0x00000000a0a79a18,0x00000000a3e80000)
 Metaspace       used 29027K, capacity 29620K, committed 30080K, reserved 1075200K
  class space    used 3930K, capacity 4102K, committed 4224K, reserved 1048576K
Event: 3.181 GC heap after
Heap after GC invocations=7 (full 1):
 PSYoungGen      total 65024K, used 5116K [0x00000000e0000000, 0x00000000e7d00000, 0x0000000100000000)
  eden space 59904K, 0% used [0x00000000e0000000,0x00000000e0000000,0x00000000e3a80000)
  from space 5120K, 99% used [0x00000000e4600000,0x00000000e4aff350,0x00000000e4b00000)
  to   space 11776K, 0% used [0x00000000e3a80000,0x00000000e3a80000,0x00000000e4600000)
 ParOldGen       total 64000K, used 13697K [0x00000000a0000000, 0x00000000a3e80000, 0x00000000e0000000)
  object space 64000K, 21% used [0x00000000a0000000,0x00000000a0d60578,0x00000000a3e80000)
 Metaspace       used 29027K, capacity 29620K, committed 30080K, reserved 1075200K
  class space    used 3930K, capacity 4102K, committed 4224K, reserved 1048576K
}
Event: 3.645 GC heap before
{Heap before GC invocations=8 (full 1):
 PSYoungGen      total 65024K, used 65020K [0x00000000e0000000, 0x00000000e7d00000, 0x0000000100000000)
  eden space 59904K, 100% used [0x00000000e0000000,0x00000000e3a80000,0x00000000e3a80000)
  from space 5120K, 99% used [0x00000000e4600000,0x00000000e4aff350,0x00000000e4b00000)
  to   space 11776K, 0% used [0x00000000e3a80000,0x00000000e3a80000,0x00000000e4600000)
 ParOldGen       total 64000K, used 13697K [0x00000000a0000000, 0x00000000a3e80000, 0x00000000e0000000)
  object space 64000K, 21% used [0x00000000a0000000,0x00000000a0d60578,0x00000000a3e80000)
 Metaspace       used 32021K, capacity 32626K, committed 32768K, reserved 1077248K
  class space    used 4422K, capacity 4592K, committed 4608K, reserved 1048576K
Event: 3.653 GC heap after
Heap after GC invocations=8 (full 1):
 PSYoungGen      total 71680K, used 8166K [0x00000000e0000000, 0x00000000e7380000, 0x0000000100000000)
  eden space 59904K, 0% used [0x00000000e0000000,0x00000000e0000000,0x00000000e3a80000)
  from space 11776K, 69% used [0x00000000e3a80000,0x00000000e4279ba0,0x00000000e4600000)
  to   space 11776K, 0% used [0x00000000e6800000,0x00000000e6800000,0x00000000e7380000)
 ParOldGen       total 64000K, used 13705K [0x00000000a0000000, 0x00000000a3e80000, 0x00000000e0000000)
  object space 64000K, 21% used [0x00000000a0000000,0x00000000a0d62578,0x00000000a3e80000)
 Metaspace       used 32021K, capacity 32626K, committed 32768K, reserved 1077248K
  class space    used 4422K, capacity 4592K, committed 4608K, reserved 1048576K
}
Event: 6.777 GC heap before
{Heap before GC invocations=9 (full 1):
 PSYoungGen      total 71680K, used 62091K [0x00000000e0000000, 0x00000000e7380000, 0x0000000100000000)
  eden space 59904K, 90% used [0x00000000e0000000,0x00000000e34a9128,0x00000000e3a80000)
  from space 11776K, 69% used [0x00000000e3a80000,0x00000000e4279ba0,0x00000000e4600000)
  to   space 11776K, 0% used [0x00000000e6800000,0x00000000e6800000,0x00000000e7380000)
 ParOldGen       total 64000K, used 13705K [0x00000000a0000000, 0x00000000a3e80000, 0x00000000e0000000)
  object space 64000K, 21% used [0x00000000a0000000,0x00000000a0d62578,0x00000000a3e80000)
 Metaspace       used 34699K, capacity 35432K, committed 35496K, reserved 1079296K
  class space    used 4784K, capacity 4999K, committed 5032K, reserved 1048576K
Event: 6.791 GC heap after
Heap after GC invocations=9 (full 1):
 PSYoungGen      total 102400K, used 10271K [0x00000000e0000000, 0x00000000e7280000, 0x0000000100000000)
  eden space 91648K, 0% used [0x00000000e0000000,0x00000000e0000000,0x00000000e5980000)
  from space 10752K, 95% used [0x00000000e6800000,0x00000000e7207df8,0x00000000e7280000)
  to   space 12288K, 0% used [0x00000000e5a80000,0x00000000e5a80000,0x00000000e6680000)
 ParOldGen       total 64000K, used 13713K [0x00000000a0000000, 0x00000000a3e80000, 0x00000000e0000000)
  object space 64000K, 21% used [0x00000000a0000000,0x00000000a0d64578,0x00000000a3e80000)
 Metaspace       used 34699K, capacity 35432K, committed 35496K, reserved 1079296K
  class space    used 4784K, capacity 4999K, committed 5032K, reserved 1048576K
}
Event: 6.791 GC heap before
{Heap before GC invocations=10 (full 2):
 PSYoungGen      total 102400K, used 10271K [0x00000000e0000000, 0x00000000e7280000, 0x0000000100000000)
  eden space 91648K, 0% used [0x00000000e0000000,0x00000000e0000000,0x00000000e5980000)
  from space 10752K, 95% used [0x00000000e6800000,0x00000000e7207df8,0x00000000e7280000)
  to   space 12288K, 0% used [0x00000000e5a80000,0x00000000e5a80000,0x00000000e6680000)
 ParOldGen       total 64000K, used 13713K [0x00000000a0000000, 0x00000000a3e80000, 0x00000000e0000000)
  object space 64000K, 21% used [0x00000000a0000000,0x00000000a0d64578,0x00000000a3e80000)
 Metaspace       used 34699K, capacity 35432K, committed 35496K, reserved 1079296K
  class space    used 4784K, capacity 4999K, committed 5032K, reserved 1048576K
Event: 6.845 GC heap after
Heap after GC invocations=10 (full 2):
 PSYoungGen      total 102400K, used 0K [0x00000000e0000000, 0x00000000e7280000, 0x0000000100000000)
  eden space 91648K, 0% used [0x00000000e0000000,0x00000000e0000000,0x00000000e5980000)
  from space 10752K, 0% used [0x00000000e6800000,0x00000000e6800000,0x00000000e7280000)
  to   space 12288K, 0% used [0x00000000e5a80000,0x00000000e5a80000,0x00000000e6680000)
 ParOldGen       total 93696K, used 17113K [0x00000000a0000000, 0x00000000a5b80000, 0x00000000e0000000)
  object space 93696K, 18% used [0x00000000a0000000,0x00000000a10b6750,0x00000000a5b80000)
 Metaspace       used 34690K, capacity 35402K, committed 35496K, reserved 1079296K
  class space    used 4781K, capacity 4994K, committed 5032K, reserved 1048576K
}
Event: 8.914 GC heap before
{Heap before GC invocations=11 (full 2):
 PSYoungGen      total 102400K, used 91648K [0x00000000e0000000, 0x00000000e7280000, 0x0000000100000000)
  eden space 91648K, 100% used [0x00000000e0000000,0x00000000e5980000,0x00000000e5980000)
  from space 10752K, 0% used [0x00000000e6800000,0x00000000e6800000,0x00000000e7280000)
  to   space 12288K, 0% used [0x00000000e5a80000,0x00000000e5a80000,0x00000000e6680000)
 ParOldGen       total 93696K, used 17113K [0x00000000a0000000, 0x00000000a5b80000, 0x00000000e0000000)
  object space 93696K, 18% used [0x00000000a0000000,0x00000000a10b6750,0x00000000a5b80000)
 Metaspace       used 44509K, capacity 45484K, committed 45736K, reserved 1089536K
  class space    used 5995K, capacity 6262K, committed 6312K, reserved 1048576K
Event: 8.925 GC heap after
Heap after GC invocations=11 (full 2):
 PSYoungGen      total 104960K, used 12282K [0x00000000e0000000, 0x00000000e8f00000, 0x0000000100000000)
  eden space 92672K, 0% used [0x00000000e0000000,0x00000000e0000000,0x00000000e5a80000)
  from space 12288K, 99% used [0x00000000e5a80000,0x00000000e667ea10,0x00000000e6680000)
  to   space 14336K, 0% used [0x00000000e8100000,0x00000000e8100000,0x00000000e8f00000)
 ParOldGen       total 93696K, used 18742K [0x00000000a0000000, 0x00000000a5b80000, 0x00000000e0000000)
  object space 93696K, 20% used [0x00000000a0000000,0x00000000a124d8c8,0x00000000a5b80000)
 Metaspace       used 44509K, capacity 45484K, committed 45736K, reserved 1089536K
  class space    used 5995K, capacity 6262K, committed 6312K, reserved 1048576K
}

