# JRE version: OpenJDK Runtime Environment (8.0_202-b03) (build 1.8.0_202-release-1483-b03)
# Java VM: OpenJDK 64-Bit Server VM (25.202-b03 mixed mode windows-amd64 compressed oops)
Heap:
 PSYoungGen      total 150016K, used 140088K [0x00000000e0000000, 0x00000000eb980000, 0x0000000100000000)
  eden space 135168K, 94% used [0x00000000e0000000,0x00000000e7c1f910,0x00000000e8400000)
  from space 14848K, 87% used [0x00000000e8400000,0x00000000e90ae7a8,0x00000000e9280000)
  to   space 16384K, 0% used [0x00000000ea980000,0x00000000ea980000,0x00000000eb980000)
 ParOldGen       total 71168K, used 54847K [0x00000000a0000000, 0x00000000a4580000, 0x00000000e0000000)
  object space 71168K, 77% used [0x00000000a0000000,0x00000000a358fc40,0x00000000a4580000)
 Metaspace       used 80902K, capacity 84060K, committed 84184K, reserved 1122304K
  class space    used 10254K, capacity 10924K, committed 11008K, reserved 1048576K
GC Heap History (10 events):
Event: 358.277 GC heap before
{Heap before GC invocations=56 (full 3):
 PSYoungGen      total 114688K, used 101487K [0x00000000e0000000, 0x00000000e8000000, 0x0000000100000000)
  eden space 100352K, 100% used [0x00000000e0000000,0x00000000e6200000,0x00000000e6200000)
  from space 14336K, 7% used [0x00000000e7200000,0x00000000e731bed8,0x00000000e8000000)
  to   space 15360K, 0% used [0x00000000e6200000,0x00000000e6200000,0x00000000e7100000)
 ParOldGen       total 71168K, used 46226K [0x00000000a0000000, 0x00000000a4580000, 0x00000000e0000000)
  object space 71168K, 64% used [0x00000000a0000000,0x00000000a2d24958,0x00000000a4580000)
 Metaspace       used 73025K, capacity 75612K, committed 75864K, reserved 1116160K
  class space    used 9512K, capacity 10090K, committed 10112K, reserved 1048576K
Event: 358.281 GC heap after
Heap after GC invocations=56 (full 3):
 PSYoungGen      total 115712K, used 2657K [0x00000000e0000000, 0x00000000e9000000, 0x0000000100000000)
  eden space 100352K, 0% used [0x00000000e0000000,0x00000000e0000000,0x00000000e6200000)
  from space 15360K, 17% used [0x00000000e6200000,0x00000000e6498460,0x00000000e7100000)
  to   space 14848K, 0% used [0x00000000e8180000,0x00000000e8180000,0x00000000e9000000)
 ParOldGen       total 71168K, used 47013K [0x00000000a0000000, 0x00000000a4580000, 0x00000000e0000000)
  object space 71168K, 66% used [0x00000000a0000000,0x00000000a2de9680,0x00000000a4580000)
 Metaspace       used 73025K, capacity 75612K, committed 75864K, reserved 1116160K
  class space    used 9512K, capacity 10090K, committed 10112K, reserved 1048576K
}
Event: 419.280 GC heap before
{Heap before GC invocations=57 (full 3):
 PSYoungGen      total 115712K, used 103009K [0x00000000e0000000, 0x00000000e9000000, 0x0000000100000000)
  eden space 100352K, 100% used [0x00000000e0000000,0x00000000e6200000,0x00000000e6200000)
  from space 15360K, 17% used [0x00000000e6200000,0x00000000e6498460,0x00000000e7100000)
  to   space 14848K, 0% used [0x00000000e8180000,0x00000000e8180000,0x00000000e9000000)
 ParOldGen       total 71168K, used 47013K [0x00000000a0000000, 0x00000000a4580000, 0x00000000e0000000)
  object space 71168K, 66% used [0x00000000a0000000,0x00000000a2de9680,0x00000000a4580000)
 Metaspace       used 73662K, capacity 76288K, committed 76504K, reserved 1116160K
  class space    used 9558K, capacity 10116K, committed 10240K, reserved 1048576K
Event: 419.288 GC heap after
Heap after GC invocations=57 (full 3):
 PSYoungGen      total 129536K, used 5551K [0x00000000e0000000, 0x00000000e8e00000, 0x0000000100000000)
  eden space 116736K, 0% used [0x00000000e0000000,0x00000000e0000000,0x00000000e7200000)
  from space 12800K, 43% used [0x00000000e8180000,0x00000000e86ebeb8,0x00000000e8e00000)
  to   space 14336K, 0% used [0x00000000e7200000,0x00000000e7200000,0x00000000e8000000)
 ParOldGen       total 71168K, used 48968K [0x00000000a0000000, 0x00000000a4580000, 0x00000000e0000000)
  object space 71168K, 68% used [0x00000000a0000000,0x00000000a2fd2238,0x00000000a4580000)
 Metaspace       used 73662K, capacity 76288K, committed 76504K, reserved 1116160K
  class space    used 9558K, capacity 10116K, committed 10240K, reserved 1048576K
}
Event: 419.752 GC heap before
{Heap before GC invocations=58 (full 3):
 PSYoungGen      total 129536K, used 122287K [0x00000000e0000000, 0x00000000e8e00000, 0x0000000100000000)
  eden space 116736K, 100% used [0x00000000e0000000,0x00000000e7200000,0x00000000e7200000)
  from space 12800K, 43% used [0x00000000e8180000,0x00000000e86ebeb8,0x00000000e8e00000)
  to   space 14336K, 0% used [0x00000000e7200000,0x00000000e7200000,0x00000000e8000000)
 ParOldGen       total 71168K, used 48968K [0x00000000a0000000, 0x00000000a4580000, 0x00000000e0000000)
  object space 71168K, 68% used [0x00000000a0000000,0x00000000a2fd2238,0x00000000a4580000)
 Metaspace       used 73839K, capacity 76512K, committed 76760K, reserved 1116160K
  class space    used 9571K, capacity 10148K, committed 10240K, reserved 1048576K
Event: 419.761 GC heap after
Heap after GC invocations=58 (full 3):
 PSYoungGen      total 131072K, used 5856K [0x00000000e0000000, 0x00000000ea000000, 0x0000000100000000)
  eden space 116736K, 0% used [0x00000000e0000000,0x00000000e0000000,0x00000000e7200000)
  from space 14336K, 40% used [0x00000000e7200000,0x00000000e77b83c8,0x00000000e8000000)
  to   space 13824K, 0% used [0x00000000e9280000,0x00000000e9280000,0x00000000ea000000)
 ParOldGen       total 71168K, used 53831K [0x00000000a0000000, 0x00000000a4580000, 0x00000000e0000000)
  object space 71168K, 75% used [0x00000000a0000000,0x00000000a3491c00,0x00000000a4580000)
 Metaspace       used 73839K, capacity 76512K, committed 76760K, reserved 1116160K
  class space    used 9571K, capacity 10148K, committed 10240K, reserved 1048576K
}
Event: 420.078 GC heap before
{Heap before GC invocations=59 (full 3):
 PSYoungGen      total 131072K, used 122592K [0x00000000e0000000, 0x00000000ea000000, 0x0000000100000000)
  eden space 116736K, 100% used [0x00000000e0000000,0x00000000e7200000,0x00000000e7200000)
  from space 14336K, 40% used [0x00000000e7200000,0x00000000e77b83c8,0x00000000e8000000)
  to   space 13824K, 0% used [0x00000000e9280000,0x00000000e9280000,0x00000000ea000000)
 ParOldGen       total 71168K, used 53831K [0x00000000a0000000, 0x00000000a4580000, 0x00000000e0000000)
  object space 71168K, 75% used [0x00000000a0000000,0x00000000a3491c00,0x00000000a4580000)
 Metaspace       used 73850K, capacity 76512K, committed 76760K, reserved 1116160K
  class space    used 9572K, capacity 10148K, committed 10240K, reserved 1048576K
Event: 420.088 GC heap after
Heap after GC invocations=59 (full 3):
 PSYoungGen      total 148992K, used 9676K [0x00000000e0000000, 0x00000000ea380000, 0x0000000100000000)
  eden space 135168K, 0% used [0x00000000e0000000,0x00000000e0000000,0x00000000e8400000)
  from space 13824K, 69% used [0x00000000e9280000,0x00000000e9bf3258,0x00000000ea000000)
  to   space 14848K, 0% used [0x00000000e8400000,0x00000000e8400000,0x00000000e9280000)
 ParOldGen       total 71168K, used 54531K [0x00000000a0000000, 0x00000000a4580000, 0x00000000e0000000)
  object space 71168K, 76% used [0x00000000a0000000,0x00000000a3540c10,0x00000000a4580000)
 Metaspace       used 73850K, capacity 76512K, committed 76760K, reserved 1116160K
  class space    used 9572K, capacity 10148K, committed 10240K, reserved 1048576K
}
Event: 428.702 GC heap before
{Heap before GC invocations=60 (full 3):
 PSYoungGen      total 148992K, used 144844K [0x00000000e0000000, 0x00000000ea380000, 0x0000000100000000)
  eden space 135168K, 100% used [0x00000000e0000000,0x00000000e8400000,0x00000000e8400000)
  from space 13824K, 69% used [0x00000000e9280000,0x00000000e9bf3258,0x00000000ea000000)
  to   space 14848K, 0% used [0x00000000e8400000,0x00000000e8400000,0x00000000e9280000)
 ParOldGen       total 71168K, used 54531K [0x00000000a0000000, 0x00000000a4580000, 0x00000000e0000000)
  object space 71168K, 76% used [0x00000000a0000000,0x00000000a3540c10,0x00000000a4580000)
 Metaspace       used 75738K, capacity 78654K, committed 78808K, reserved 1118208K
  class space    used 9814K, capacity 10447K, committed 10496K, reserved 1048576K
Event: 428.716 GC heap after
Heap after GC invocations=60 (full 3):
 PSYoungGen      total 150016K, used 12985K [0x00000000e0000000, 0x00000000eb980000, 0x0000000100000000)
  eden space 135168K, 0% used [0x00000000e0000000,0x00000000e0000000,0x00000000e8400000)
  from space 14848K, 87% used [0x00000000e8400000,0x00000000e90ae7a8,0x00000000e9280000)
  to   space 16384K, 0% used [0x00000000ea980000,0x00000000ea980000,0x00000000eb980000)
 ParOldGen       total 71168K, used 54847K [0x00000000a0000000, 0x00000000a4580000, 0x00000000e0000000)
  object space 71168K, 77% used [0x00000000a0000000,0x00000000a358fc40,0x00000000a4580000)
 Metaspace       used 75738K, capacity 78654K, committed 78808K, reserved 1118208K
  class space    used 9814K, capacity 10447K, committed 10496K, reserved 1048576K
}

