# JRE version: OpenJDK Runtime Environment (8.0_202-b03) (build 1.8.0_202-release-1483-b03)
# Java VM: OpenJDK 64-Bit Server VM (25.202-b03 mixed mode windows-amd64 compressed oops)
Heap:
 PSYoungGen      total 163328K, used 31787K [0x00000000e0000000, 0x00000000eb280000, 0x0000000100000000)
  eden space 151552K, 13% used [0x00000000e0000000,0x00000000e1390da0,0x00000000e9400000)
  from space 11776K, 99% used [0x00000000ea700000,0x00000000eb27a000,0x00000000eb280000)
  to   space 13824K, 0% used [0x00000000e9780000,0x00000000e9780000,0x00000000ea500000)
 ParOldGen       total 79872K, used 19249K [0x00000000a0000000, 0x00000000a4e00000, 0x00000000e0000000)
  object space 79872K, 24% used [0x00000000a0000000,0x00000000a12cc4b0,0x00000000a4e00000)
 Metaspace       used 45826K, capacity 46972K, committed 47272K, reserved 1089536K
  class space    used 6181K, capacity 6493K, committed 6568K, reserved 1048576K
GC Heap History (10 events):
Event: 3.706 GC heap before
{Heap before GC invocations=8 (full 1):
 PSYoungGen      total 76288K, used 66560K [0x00000000e0000000, 0x00000000e5500000, 0x0000000100000000)
  eden space 66560K, 100% used [0x00000000e0000000,0x00000000e4100000,0x00000000e4100000)
  from space 9728K, 0% used [0x00000000e4b80000,0x00000000e4b80000,0x00000000e5500000)
  to   space 10240K, 0% used [0x00000000e4100000,0x00000000e4100000,0x00000000e4b00000)
 ParOldGen       total 55808K, used 8238K [0x00000000a0000000, 0x00000000a3680000, 0x00000000e0000000)
  object space 55808K, 14% used [0x00000000a0000000,0x00000000a080ba88,0x00000000a3680000)
 Metaspace       used 29080K, capacity 29632K, committed 30080K, reserved 1075200K
  class space    used 3930K, capacity 4102K, committed 4224K, reserved 1048576K
Event: 3.715 GC heap after
Heap after GC invocations=8 (full 1):
 PSYoungGen      total 76800K, used 8125K [0x00000000e0000000, 0x00000000e8280000, 0x0000000100000000)
  eden space 66560K, 0% used [0x00000000e0000000,0x00000000e0000000,0x00000000e4100000)
  from space 10240K, 79% used [0x00000000e4100000,0x00000000e48ef560,0x00000000e4b00000)
  to   space 10752K, 0% used [0x00000000e7800000,0x00000000e7800000,0x00000000e8280000)
 ParOldGen       total 55808K, used 8246K [0x00000000a0000000, 0x00000000a3680000, 0x00000000e0000000)
  object space 55808K, 14% used [0x00000000a0000000,0x00000000a080da88,0x00000000a3680000)
 Metaspace       used 29080K, capacity 29632K, committed 30080K, reserved 1075200K
  class space    used 3930K, capacity 4102K, committed 4224K, reserved 1048576K
}
Event: 4.562 GC heap before
{Heap before GC invocations=9 (full 1):
 PSYoungGen      total 76800K, used 74685K [0x00000000e0000000, 0x00000000e8280000, 0x0000000100000000)
  eden space 66560K, 100% used [0x00000000e0000000,0x00000000e4100000,0x00000000e4100000)
  from space 10240K, 79% used [0x00000000e4100000,0x00000000e48ef560,0x00000000e4b00000)
  to   space 10752K, 0% used [0x00000000e7800000,0x00000000e7800000,0x00000000e8280000)
 ParOldGen       total 55808K, used 8246K [0x00000000a0000000, 0x00000000a3680000, 0x00000000e0000000)
  object space 55808K, 14% used [0x00000000a0000000,0x00000000a080da88,0x00000000a3680000)
 Metaspace       used 32398K, capacity 33022K, committed 33408K, reserved 1077248K
  class space    used 4468K, capacity 4656K, committed 4736K, reserved 1048576K
Event: 4.606 GC heap after
Heap after GC invocations=9 (full 1):
 PSYoungGen      total 122880K, used 8639K [0x00000000e0000000, 0x00000000e8580000, 0x0000000100000000)
  eden space 112128K, 0% used [0x00000000e0000000,0x00000000e0000000,0x00000000e6d80000)
  from space 10752K, 80% used [0x00000000e7800000,0x00000000e806ffa8,0x00000000e8280000)
  to   space 10752K, 0% used [0x00000000e6d80000,0x00000000e6d80000,0x00000000e7800000)
 ParOldGen       total 55808K, used 8254K [0x00000000a0000000, 0x00000000a3680000, 0x00000000e0000000)
  object space 55808K, 14% used [0x00000000a0000000,0x00000000a080fa88,0x00000000a3680000)
 Metaspace       used 32398K, capacity 33022K, committed 33408K, reserved 1077248K
  class space    used 4468K, capacity 4656K, committed 4736K, reserved 1048576K
}
Event: 5.690 GC heap before
{Heap before GC invocations=10 (full 1):
 PSYoungGen      total 122880K, used 55949K [0x00000000e0000000, 0x00000000e8580000, 0x0000000100000000)
  eden space 112128K, 42% used [0x00000000e0000000,0x00000000e2e336a8,0x00000000e6d80000)
  from space 10752K, 80% used [0x00000000e7800000,0x00000000e806ffa8,0x00000000e8280000)
  to   space 10752K, 0% used [0x00000000e6d80000,0x00000000e6d80000,0x00000000e7800000)
 ParOldGen       total 55808K, used 8254K [0x00000000a0000000, 0x00000000a3680000, 0x00000000e0000000)
  object space 55808K, 14% used [0x00000000a0000000,0x00000000a080fa88,0x00000000a3680000)
 Metaspace       used 34702K, capacity 35420K, committed 35496K, reserved 1079296K
  class space    used 4783K, capacity 4995K, committed 5032K, reserved 1048576K
Event: 5.701 GC heap after
Heap after GC invocations=10 (full 1):
 PSYoungGen      total 122880K, used 9712K [0x00000000e0000000, 0x00000000eb280000, 0x0000000100000000)
  eden space 112128K, 0% used [0x00000000e0000000,0x00000000e0000000,0x00000000e6d80000)
  from space 10752K, 90% used [0x00000000e6d80000,0x00000000e76fc128,0x00000000e7800000)
  to   space 11776K, 0% used [0x00000000ea700000,0x00000000ea700000,0x00000000eb280000)
 ParOldGen       total 55808K, used 8262K [0x00000000a0000000, 0x00000000a3680000, 0x00000000e0000000)
  object space 55808K, 14% used [0x00000000a0000000,0x00000000a0811a88,0x00000000a3680000)
 Metaspace       used 34702K, capacity 35420K, committed 35496K, reserved 1079296K
  class space    used 4783K, capacity 4995K, committed 5032K, reserved 1048576K
}
Event: 5.701 GC heap before
{Heap before GC invocations=11 (full 2):
 PSYoungGen      total 122880K, used 9712K [0x00000000e0000000, 0x00000000eb280000, 0x0000000100000000)
  eden space 112128K, 0% used [0x00000000e0000000,0x00000000e0000000,0x00000000e6d80000)
  from space 10752K, 90% used [0x00000000e6d80000,0x00000000e76fc128,0x00000000e7800000)
  to   space 11776K, 0% used [0x00000000ea700000,0x00000000ea700000,0x00000000eb280000)
 ParOldGen       total 55808K, used 8262K [0x00000000a0000000, 0x00000000a3680000, 0x00000000e0000000)
  object space 55808K, 14% used [0x00000000a0000000,0x00000000a0811a88,0x00000000a3680000)
 Metaspace       used 34702K, capacity 35420K, committed 35496K, reserved 1079296K
  class space    used 4783K, capacity 4995K, committed 5032K, reserved 1048576K
Event: 5.751 GC heap after
Heap after GC invocations=11 (full 2):
 PSYoungGen      total 122880K, used 0K [0x00000000e0000000, 0x00000000eb280000, 0x0000000100000000)
  eden space 112128K, 0% used [0x00000000e0000000,0x00000000e0000000,0x00000000e6d80000)
  from space 10752K, 0% used [0x00000000e6d80000,0x00000000e6d80000,0x00000000e7800000)
  to   space 11776K, 0% used [0x00000000ea700000,0x00000000ea700000,0x00000000eb280000)
 ParOldGen       total 79872K, used 16591K [0x00000000a0000000, 0x00000000a4e00000, 0x00000000e0000000)
  object space 79872K, 20% used [0x00000000a0000000,0x00000000a1033da8,0x00000000a4e00000)
 Metaspace       used 34700K, capacity 35414K, committed 35496K, reserved 1079296K
  class space    used 4782K, capacity 4994K, committed 5032K, reserved 1048576K
}
Event: 12.385 GC heap before
{Heap before GC invocations=12 (full 2):
 PSYoungGen      total 122880K, used 112128K [0x00000000e0000000, 0x00000000eb280000, 0x0000000100000000)
  eden space 112128K, 100% used [0x00000000e0000000,0x00000000e6d80000,0x00000000e6d80000)
  from space 10752K, 0% used [0x00000000e6d80000,0x00000000e6d80000,0x00000000e7800000)
  to   space 11776K, 0% used [0x00000000ea700000,0x00000000ea700000,0x00000000eb280000)
 ParOldGen       total 79872K, used 16591K [0x00000000a0000000, 0x00000000a4e00000, 0x00000000e0000000)
  object space 79872K, 20% used [0x00000000a0000000,0x00000000a1033da8,0x00000000a4e00000)
 Metaspace       used 45413K, capacity 46426K, committed 46632K, reserved 1089536K
  class space    used 6112K, capacity 6354K, committed 6440K, reserved 1048576K
Event: 12.402 GC heap after
Heap after GC invocations=12 (full 2):
 PSYoungGen      total 163328K, used 11752K [0x00000000e0000000, 0x00000000eb280000, 0x0000000100000000)
  eden space 151552K, 0% used [0x00000000e0000000,0x00000000e0000000,0x00000000e9400000)
  from space 11776K, 99% used [0x00000000ea700000,0x00000000eb27a000,0x00000000eb280000)
  to   space 13824K, 0% used [0x00000000e9780000,0x00000000e9780000,0x00000000ea500000)
 ParOldGen       total 79872K, used 19249K [0x00000000a0000000, 0x00000000a4e00000, 0x00000000e0000000)
  object space 79872K, 24% used [0x00000000a0000000,0x00000000a12cc4b0,0x00000000a4e00000)
 Metaspace       used 45413K, capacity 46426K, committed 46632K, reserved 1089536K
  class space    used 6112K, capacity 6354K, committed 6440K, reserved 1048576K
}

