# JRE version: OpenJDK Runtime Environment (8.0_202-b03) (build 1.8.0_202-release-1483-b03)
# Java VM: OpenJDK 64-Bit Server VM (25.202-b03 mixed mode windows-amd64 compressed oops)
Heap:
 PSYoungGen      total 126464K, used 104440K [0x00000000e0000000, 0x00000000e8d00000, 0x0000000100000000)
  eden space 113664K, 80% used [0x00000000e0000000,0x00000000e5981f40,0x00000000e6f00000)
  from space 12800K, 99% used [0x00000000e7300000,0x00000000e7f7c478,0x00000000e7f80000)
  to   space 13824K, 0% used [0x00000000e7f80000,0x00000000e7f80000,0x00000000e8d00000)
 ParOldGen       total 87040K, used 49780K [0x00000000a0000000, 0x00000000a5500000, 0x00000000e0000000)
  object space 87040K, 57% used [0x00000000a0000000,0x00000000a309d3b0,0x00000000a5500000)
 Metaspace       used 79688K, capacity 83606K, committed 83736K, reserved 1122304K
  class space    used 10310K, capacity 11040K, committed 11048K, reserved 1048576K
GC Heap History (10 events):
Event: 25.776 GC heap before
{Heap before GC invocations=22 (full 3):
 PSYoungGen      total 117760K, used 117274K [0x00000000e0000000, 0x00000000e8200000, 0x0000000100000000)
  eden space 109568K, 100% used [0x00000000e0000000,0x00000000e6b00000,0x00000000e6b00000)
  from space 8192K, 94% used [0x00000000e7a00000,0x00000000e81868d8,0x00000000e8200000)
  to   space 10240K, 0% used [0x00000000e6e00000,0x00000000e6e00000,0x00000000e7800000)
 ParOldGen       total 87040K, used 31768K [0x00000000a0000000, 0x00000000a5500000, 0x00000000e0000000)
  object space 87040K, 36% used [0x00000000a0000000,0x00000000a1f06228,0x00000000a5500000)
 Metaspace       used 67418K, capacity 70156K, committed 70424K, reserved 1110016K
  class space    used 9088K, capacity 9655K, committed 9768K, reserved 1048576K
Event: 25.786 GC heap after
Heap after GC invocations=22 (full 3):
 PSYoungGen      total 122880K, used 8510K [0x00000000e0000000, 0x00000000e9300000, 0x0000000100000000)
  eden space 112640K, 0% used [0x00000000e0000000,0x00000000e0000000,0x00000000e6e00000)
  from space 10240K, 83% used [0x00000000e6e00000,0x00000000e764fbb8,0x00000000e7800000)
  to   space 10752K, 0% used [0x00000000e8880000,0x00000000e8880000,0x00000000e9300000)
 ParOldGen       total 87040K, used 35569K [0x00000000a0000000, 0x00000000a5500000, 0x00000000e0000000)
  object space 87040K, 40% used [0x00000000a0000000,0x00000000a22bc748,0x00000000a5500000)
 Metaspace       used 67418K, capacity 70156K, committed 70424K, reserved 1110016K
  class space    used 9088K, capacity 9655K, committed 9768K, reserved 1048576K
}
Event: 108.565 GC heap before
{Heap before GC invocations=23 (full 3):
 PSYoungGen      total 122880K, used 121150K [0x00000000e0000000, 0x00000000e9300000, 0x0000000100000000)
  eden space 112640K, 100% used [0x00000000e0000000,0x00000000e6e00000,0x00000000e6e00000)
  from space 10240K, 83% used [0x00000000e6e00000,0x00000000e764fbb8,0x00000000e7800000)
  to   space 10752K, 0% used [0x00000000e8880000,0x00000000e8880000,0x00000000e9300000)
 ParOldGen       total 87040K, used 35569K [0x00000000a0000000, 0x00000000a5500000, 0x00000000e0000000)
  object space 87040K, 40% used [0x00000000a0000000,0x00000000a22bc748,0x00000000a5500000)
 Metaspace       used 72439K, capacity 75596K, committed 75672K, reserved 1114112K
  class space    used 9520K, capacity 10130K, committed 10152K, reserved 1048576K
Event: 108.578 GC heap after
Heap after GC invocations=23 (full 3):
 PSYoungGen      total 136704K, used 10740K [0x00000000e0000000, 0x00000000e9980000, 0x0000000100000000)
  eden space 125952K, 0% used [0x00000000e0000000,0x00000000e0000000,0x00000000e7b00000)
  from space 10752K, 99% used [0x00000000e8880000,0x00000000e92fd050,0x00000000e9300000)
  to   space 13824K, 0% used [0x00000000e7b00000,0x00000000e7b00000,0x00000000e8880000)
 ParOldGen       total 87040K, used 40021K [0x00000000a0000000, 0x00000000a5500000, 0x00000000e0000000)
  object space 87040K, 45% used [0x00000000a0000000,0x00000000a2715778,0x00000000a5500000)
 Metaspace       used 72439K, capacity 75596K, committed 75672K, reserved 1114112K
  class space    used 9520K, capacity 10130K, committed 10152K, reserved 1048576K
}
Event: 2646.460 GC heap before
{Heap before GC invocations=24 (full 3):
 PSYoungGen      total 136704K, used 136692K [0x00000000e0000000, 0x00000000e9980000, 0x0000000100000000)
  eden space 125952K, 100% used [0x00000000e0000000,0x00000000e7b00000,0x00000000e7b00000)
  from space 10752K, 99% used [0x00000000e8880000,0x00000000e92fd050,0x00000000e9300000)
  to   space 13824K, 0% used [0x00000000e7b00000,0x00000000e7b00000,0x00000000e8880000)
 ParOldGen       total 87040K, used 40021K [0x00000000a0000000, 0x00000000a5500000, 0x00000000e0000000)
  object space 87040K, 45% used [0x00000000a0000000,0x00000000a2715778,0x00000000a5500000)
 Metaspace       used 74055K, capacity 77570K, committed 77720K, reserved 1116160K
  class space    used 9647K, capacity 10288K, committed 10408K, reserved 1048576K
Event: 2646.473 GC heap after
Heap after GC invocations=24 (full 3):
 PSYoungGen      total 127488K, used 5413K [0x00000000e0000000, 0x00000000e9100000, 0x0000000100000000)
  eden space 121856K, 0% used [0x00000000e0000000,0x00000000e0000000,0x00000000e7700000)
  from space 5632K, 96% used [0x00000000e7b00000,0x00000000e80497c0,0x00000000e8080000)
  to   space 13312K, 0% used [0x00000000e8400000,0x00000000e8400000,0x00000000e9100000)
 ParOldGen       total 87040K, used 46838K [0x00000000a0000000, 0x00000000a5500000, 0x00000000e0000000)
  object space 87040K, 53% used [0x00000000a0000000,0x00000000a2dbd958,0x00000000a5500000)
 Metaspace       used 74055K, capacity 77570K, committed 77720K, reserved 1116160K
  class space    used 9647K, capacity 10288K, committed 10408K, reserved 1048576K
}
Event: 3181.651 GC heap before
{Heap before GC invocations=25 (full 3):
 PSYoungGen      total 127488K, used 127269K [0x00000000e0000000, 0x00000000e9100000, 0x0000000100000000)
  eden space 121856K, 100% used [0x00000000e0000000,0x00000000e7700000,0x00000000e7700000)
  from space 5632K, 96% used [0x00000000e7b00000,0x00000000e80497c0,0x00000000e8080000)
  to   space 13312K, 0% used [0x00000000e8400000,0x00000000e8400000,0x00000000e9100000)
 ParOldGen       total 87040K, used 46838K [0x00000000a0000000, 0x00000000a5500000, 0x00000000e0000000)
  object space 87040K, 53% used [0x00000000a0000000,0x00000000a2dbd958,0x00000000a5500000)
 Metaspace       used 77966K, capacity 81580K, committed 81816K, reserved 1120256K
  class space    used 10123K, capacity 10797K, committed 10920K, reserved 1048576K
Event: 3181.659 GC heap after
Heap after GC invocations=25 (full 3):
 PSYoungGen      total 125952K, used 7038K [0x00000000e0000000, 0x00000000e8c00000, 0x0000000100000000)
  eden space 117760K, 0% used [0x00000000e0000000,0x00000000e0000000,0x00000000e7300000)
  from space 8192K, 85% used [0x00000000e8400000,0x00000000e8adfbd8,0x00000000e8c00000)
  to   space 12800K, 0% used [0x00000000e7300000,0x00000000e7300000,0x00000000e7f80000)
 ParOldGen       total 87040K, used 46846K [0x00000000a0000000, 0x00000000a5500000, 0x00000000e0000000)
  object space 87040K, 53% used [0x00000000a0000000,0x00000000a2dbf958,0x00000000a5500000)
 Metaspace       used 77966K, capacity 81580K, committed 81816K, reserved 1120256K
  class space    used 10123K, capacity 10797K, committed 10920K, reserved 1048576K
}
Event: 5328.444 GC heap before
{Heap before GC invocations=26 (full 3):
 PSYoungGen      total 125952K, used 124798K [0x00000000e0000000, 0x00000000e8c00000, 0x0000000100000000)
  eden space 117760K, 100% used [0x00000000e0000000,0x00000000e7300000,0x00000000e7300000)
  from space 8192K, 85% used [0x00000000e8400000,0x00000000e8adfbd8,0x00000000e8c00000)
  to   space 12800K, 0% used [0x00000000e7300000,0x00000000e7300000,0x00000000e7f80000)
 ParOldGen       total 87040K, used 46846K [0x00000000a0000000, 0x00000000a5500000, 0x00000000e0000000)
  object space 87040K, 53% used [0x00000000a0000000,0x00000000a2dbf958,0x00000000a5500000)
 Metaspace       used 79244K, capacity 83046K, committed 83224K, reserved 1122304K
  class space    used 10265K, capacity 10962K, committed 11048K, reserved 1048576K
Event: 5328.456 GC heap after
Heap after GC invocations=26 (full 3):
 PSYoungGen      total 126464K, used 12785K [0x00000000e0000000, 0x00000000e8d00000, 0x0000000100000000)
  eden space 113664K, 0% used [0x00000000e0000000,0x00000000e0000000,0x00000000e6f00000)
  from space 12800K, 99% used [0x00000000e7300000,0x00000000e7f7c478,0x00000000e7f80000)
  to   space 13824K, 0% used [0x00000000e7f80000,0x00000000e7f80000,0x00000000e8d00000)
 ParOldGen       total 87040K, used 49780K [0x00000000a0000000, 0x00000000a5500000, 0x00000000e0000000)
  object space 87040K, 57% used [0x00000000a0000000,0x00000000a309d3b0,0x00000000a5500000)
 Metaspace       used 79244K, capacity 83046K, committed 83224K, reserved 1122304K
  class space    used 10265K, capacity 10962K, committed 11048K, reserved 1048576K
}

