# JRE version: OpenJDK Runtime Environment (8.0_202-b03) (build 1.8.0_202-release-1483-b03)
# Java VM: OpenJDK 64-Bit Server VM (25.202-b03 mixed mode windows-amd64 compressed oops)
Heap:
 PSYoungGen      total 182784K, used 146628K [0x00000000e0000000, 0x00000000ed780000, 0x0000000100000000)
  eden space 156160K, 76% used [0x00000000e0000000,0x00000000e755edf8,0x00000000e9880000)
  from space 26624K, 99% used [0x00000000e9d00000,0x00000000eb6d2258,0x00000000eb700000)
  to   space 32256K, 0% used [0x00000000eb800000,0x00000000eb800000,0x00000000ed780000)
 ParOldGen       total 148992K, used 40260K [0x00000000a0000000, 0x00000000a9180000, 0x00000000e0000000)
  object space 148992K, 27% used [0x00000000a0000000,0x00000000a2751228,0x00000000a9180000)
 Metaspace       used 80668K, capacity 83303K, committed 83544K, reserved 1122304K
  class space    used 10306K, capacity 10862K, committed 10880K, reserved 1048576K
GC Heap History (10 events):
Event: 1421.163 GC heap before
{Heap before GC invocations=14 (full 3):
 PSYoungGen      total 198656K, used 181760K [0x00000000e0000000, 0x00000000edf00000, 0x0000000100000000)
  eden space 181760K, 100% used [0x00000000e0000000,0x00000000eb180000,0x00000000eb180000)
  from space 16896K, 0% used [0x00000000ec680000,0x00000000ec680000,0x00000000ed700000)
  to   space 21504K, 0% used [0x00000000eb180000,0x00000000eb180000,0x00000000ec680000)
 ParOldGen       total 148992K, used 38250K [0x00000000a0000000, 0x00000000a9180000, 0x00000000e0000000)
  object space 148992K, 25% used [0x00000000a0000000,0x00000000a255a8f0,0x00000000a9180000)
 Metaspace       used 64487K, capacity 66643K, committed 66904K, reserved 1107968K
  class space    used 8488K, capacity 8980K, committed 9088K, reserved 1048576K
Event: 1421.176 GC heap after
Heap after GC invocations=14 (full 3):
 PSYoungGen      total 191488K, used 15261K [0x00000000e0000000, 0x00000000ed800000, 0x0000000100000000)
  eden space 176128K, 0% used [0x00000000e0000000,0x00000000e0000000,0x00000000eac00000)
  from space 15360K, 99% used [0x00000000eb180000,0x00000000ec067458,0x00000000ec080000)
  to   space 22528K, 0% used [0x00000000ec200000,0x00000000ec200000,0x00000000ed800000)
 ParOldGen       total 148992K, used 38258K [0x00000000a0000000, 0x00000000a9180000, 0x00000000e0000000)
  object space 148992K, 25% used [0x00000000a0000000,0x00000000a255c8f0,0x00000000a9180000)
 Metaspace       used 64487K, capacity 66643K, committed 66904K, reserved 1107968K
  class space    used 8488K, capacity 8980K, committed 9088K, reserved 1048576K
}
Event: 1434.425 GC heap before
{Heap before GC invocations=15 (full 3):
 PSYoungGen      total 191488K, used 191336K [0x00000000e0000000, 0x00000000ed800000, 0x0000000100000000)
  eden space 176128K, 99% used [0x00000000e0000000,0x00000000eabf2f88,0x00000000eac00000)
  from space 15360K, 99% used [0x00000000eb180000,0x00000000ec067458,0x00000000ec080000)
  to   space 22528K, 0% used [0x00000000ec200000,0x00000000ec200000,0x00000000ed800000)
 ParOldGen       total 148992K, used 38258K [0x00000000a0000000, 0x00000000a9180000, 0x00000000e0000000)
  object space 148992K, 25% used [0x00000000a0000000,0x00000000a255c8f0,0x00000000a9180000)
 Metaspace       used 70111K, capacity 72373K, committed 72664K, reserved 1112064K
  class space    used 9127K, capacity 9639K, committed 9728K, reserved 1048576K
Event: 1434.443 GC heap after
Heap after GC invocations=15 (full 3):
 PSYoungGen      total 193536K, used 22501K [0x00000000e0000000, 0x00000000eda00000, 0x0000000100000000)
  eden space 171008K, 0% used [0x00000000e0000000,0x00000000e0000000,0x00000000ea700000)
  from space 22528K, 99% used [0x00000000ec200000,0x00000000ed7f94d0,0x00000000ed800000)
  to   space 26112K, 0% used [0x00000000ea700000,0x00000000ea700000,0x00000000ec080000)
 ParOldGen       total 148992K, used 40236K [0x00000000a0000000, 0x00000000a9180000, 0x00000000e0000000)
  object space 148992K, 27% used [0x00000000a0000000,0x00000000a274b228,0x00000000a9180000)
 Metaspace       used 70111K, capacity 72373K, committed 72664K, reserved 1112064K
  class space    used 9127K, capacity 9639K, committed 9728K, reserved 1048576K
}
Event: 1456.491 GC heap before
{Heap before GC invocations=16 (full 3):
 PSYoungGen      total 193536K, used 193509K [0x00000000e0000000, 0x00000000eda00000, 0x0000000100000000)
  eden space 171008K, 100% used [0x00000000e0000000,0x00000000ea700000,0x00000000ea700000)
  from space 22528K, 99% used [0x00000000ec200000,0x00000000ed7f94d0,0x00000000ed800000)
  to   space 26112K, 0% used [0x00000000ea700000,0x00000000ea700000,0x00000000ec080000)
 ParOldGen       total 148992K, used 40236K [0x00000000a0000000, 0x00000000a9180000, 0x00000000e0000000)
  object space 148992K, 27% used [0x00000000a0000000,0x00000000a274b228,0x00000000a9180000)
 Metaspace       used 71879K, capacity 74179K, committed 74328K, reserved 1114112K
  class space    used 9297K, capacity 9832K, committed 9856K, reserved 1048576K
Event: 1456.504 GC heap after
Heap after GC invocations=16 (full 3):
 PSYoungGen      total 186368K, used 20159K [0x00000000e0000000, 0x00000000ed800000, 0x0000000100000000)
  eden space 165888K, 0% used [0x00000000e0000000,0x00000000e0000000,0x00000000ea200000)
  from space 20480K, 98% used [0x00000000ea700000,0x00000000ebaaff90,0x00000000ebb00000)
  to   space 27648K, 0% used [0x00000000ebd00000,0x00000000ebd00000,0x00000000ed800000)
 ParOldGen       total 148992K, used 40244K [0x00000000a0000000, 0x00000000a9180000, 0x00000000e0000000)
  object space 148992K, 27% used [0x00000000a0000000,0x00000000a274d228,0x00000000a9180000)
 Metaspace       used 71879K, capacity 74179K, committed 74328K, reserved 1114112K
  class space    used 9297K, capacity 9832K, committed 9856K, reserved 1048576K
}
Event: 1465.310 GC heap before
{Heap before GC invocations=17 (full 3):
 PSYoungGen      total 186368K, used 186047K [0x00000000e0000000, 0x00000000ed800000, 0x0000000100000000)
  eden space 165888K, 100% used [0x00000000e0000000,0x00000000ea200000,0x00000000ea200000)
  from space 20480K, 98% used [0x00000000ea700000,0x00000000ebaaff90,0x00000000ebb00000)
  to   space 27648K, 0% used [0x00000000ebd00000,0x00000000ebd00000,0x00000000ed800000)
 ParOldGen       total 148992K, used 40244K [0x00000000a0000000, 0x00000000a9180000, 0x00000000e0000000)
  object space 148992K, 27% used [0x00000000a0000000,0x00000000a274d228,0x00000000a9180000)
 Metaspace       used 72677K, capacity 74957K, committed 75224K, reserved 1114112K
  class space    used 9370K, capacity 9883K, committed 9984K, reserved 1048576K
Event: 1465.327 GC heap after
Heap after GC invocations=17 (full 3):
 PSYoungGen      total 186368K, used 20360K [0x00000000e0000000, 0x00000000ed600000, 0x0000000100000000)
  eden space 160768K, 0% used [0x00000000e0000000,0x00000000e0000000,0x00000000e9d00000)
  from space 25600K, 79% used [0x00000000ebd00000,0x00000000ed0e2378,0x00000000ed600000)
  to   space 29184K, 0% used [0x00000000e9d00000,0x00000000e9d00000,0x00000000eb980000)
 ParOldGen       total 148992K, used 40252K [0x00000000a0000000, 0x00000000a9180000, 0x00000000e0000000)
  object space 148992K, 27% used [0x00000000a0000000,0x00000000a274f228,0x00000000a9180000)
 Metaspace       used 72677K, capacity 74957K, committed 75224K, reserved 1114112K
  class space    used 9370K, capacity 9883K, committed 9984K, reserved 1048576K
}
Event: 1476.480 GC heap before
{Heap before GC invocations=18 (full 3):
 PSYoungGen      total 186368K, used 181128K [0x00000000e0000000, 0x00000000ed600000, 0x0000000100000000)
  eden space 160768K, 100% used [0x00000000e0000000,0x00000000e9d00000,0x00000000e9d00000)
  from space 25600K, 79% used [0x00000000ebd00000,0x00000000ed0e2378,0x00000000ed600000)
  to   space 29184K, 0% used [0x00000000e9d00000,0x00000000e9d00000,0x00000000eb980000)
 ParOldGen       total 148992K, used 40252K [0x00000000a0000000, 0x00000000a9180000, 0x00000000e0000000)
  object space 148992K, 27% used [0x00000000a0000000,0x00000000a274f228,0x00000000a9180000)
 Metaspace       used 78522K, capacity 80877K, committed 80984K, reserved 1120256K
  class space    used 9998K, capacity 10555K, committed 10624K, reserved 1048576K
Event: 1476.501 GC heap after
Heap after GC invocations=18 (full 3):
 PSYoungGen      total 182784K, used 26440K [0x00000000e0000000, 0x00000000ed780000, 0x0000000100000000)
  eden space 156160K, 0% used [0x00000000e0000000,0x00000000e0000000,0x00000000e9880000)
  from space 26624K, 99% used [0x00000000e9d00000,0x00000000eb6d2258,0x00000000eb700000)
  to   space 32256K, 0% used [0x00000000eb800000,0x00000000eb800000,0x00000000ed780000)
 ParOldGen       total 148992K, used 40260K [0x00000000a0000000, 0x00000000a9180000, 0x00000000e0000000)
  object space 148992K, 27% used [0x00000000a0000000,0x00000000a2751228,0x00000000a9180000)
 Metaspace       used 78522K, capacity 80877K, committed 80984K, reserved 1120256K
  class space    used 9998K, capacity 10555K, committed 10624K, reserved 1048576K
}

