# JRE version: OpenJDK Runtime Environment (8.0_202-b03) (build 1.8.0_202-release-1483-b03)
# Java VM: OpenJDK 64-Bit Server VM (25.202-b03 mixed mode windows-amd64 compressed oops)
Heap:
 PSYoungGen      total 491008K, used 439124K [0x00000000e0000000, 0x0000000100000000, 0x0000000100000000)
  eden space 461824K, 89% used [0x00000000e0000000,0x00000000f9458f18,0x00000000fc300000)
  from space 29184K, 85% used [0x00000000fe380000,0x00000000ffbfc138,0x0000000100000000)
  to   space 31232K, 0% used [0x00000000fc300000,0x00000000fc300000,0x00000000fe180000)
 ParOldGen       total 143360K, used 70986K [0x00000000a0000000, 0x00000000a8c00000, 0x00000000e0000000)
  object space 143360K, 49% used [0x00000000a0000000,0x00000000a4552ad0,0x00000000a8c00000)
 Metaspace       used 83106K, capacity 87032K, committed 87296K, reserved 1124352K
  class space    used 10974K, capacity 11772K, committed 11776K, reserved 1048576K
GC Heap History (10 events):
Event: 114.695 GC heap before
{Heap before GC invocations=33 (full 3):
 PSYoungGen      total 471040K, used 462563K [0x00000000e0000000, 0x0000000100000000, 0x0000000100000000)
  eden space 449024K, 100% used [0x00000000e0000000,0x00000000fb680000,0x00000000fb680000)
  from space 22016K, 61% used [0x00000000fb680000,0x00000000fc3b8ed0,0x00000000fcc00000)
  to   space 20992K, 0% used [0x00000000feb80000,0x00000000feb80000,0x0000000100000000)
 ParOldGen       total 143360K, used 63504K [0x00000000a0000000, 0x00000000a8c00000, 0x00000000e0000000)
  object space 143360K, 44% used [0x00000000a0000000,0x00000000a3e04018,0x00000000a8c00000)
 Metaspace       used 80631K, capacity 84540K, committed 84608K, reserved 1122304K
  class space    used 10588K, capacity 11354K, committed 11392K, reserved 1048576K
Event: 114.708 GC heap after
Heap after GC invocations=33 (full 3):
 PSYoungGen      total 501248K, used 10109K [0x00000000e0000000, 0x00000000fff00000, 0x0000000100000000)
  eden space 481280K, 0% used [0x00000000e0000000,0x00000000e0000000,0x00000000fd600000)
  from space 19968K, 50% used [0x00000000feb80000,0x00000000ff55f710,0x00000000fff00000)
  to   space 20992K, 0% used [0x00000000fd600000,0x00000000fd600000,0x00000000fea80000)
 ParOldGen       total 143360K, used 63504K [0x00000000a0000000, 0x00000000a8c00000, 0x00000000e0000000)
  object space 143360K, 44% used [0x00000000a0000000,0x00000000a3e04018,0x00000000a8c00000)
 Metaspace       used 80631K, capacity 84540K, committed 84608K, reserved 1122304K
  class space    used 10588K, capacity 11354K, committed 11392K, reserved 1048576K
}
Event: 115.706 GC heap before
{Heap before GC invocations=34 (full 3):
 PSYoungGen      total 501248K, used 491389K [0x00000000e0000000, 0x00000000fff00000, 0x0000000100000000)
  eden space 481280K, 100% used [0x00000000e0000000,0x00000000fd600000,0x00000000fd600000)
  from space 19968K, 50% used [0x00000000feb80000,0x00000000ff55f710,0x00000000fff00000)
  to   space 20992K, 0% used [0x00000000fd600000,0x00000000fd600000,0x00000000fea80000)
 ParOldGen       total 143360K, used 63504K [0x00000000a0000000, 0x00000000a8c00000, 0x00000000e0000000)
  object space 143360K, 44% used [0x00000000a0000000,0x00000000a3e04018,0x00000000a8c00000)
 Metaspace       used 80646K, capacity 84612K, committed 84864K, reserved 1122304K
  class space    used 10590K, capacity 11356K, committed 11392K, reserved 1048576K
Event: 115.728 GC heap after
Heap after GC invocations=34 (full 3):
 PSYoungGen      total 501248K, used 19513K [0x00000000e0000000, 0x0000000100000000, 0x0000000100000000)
  eden space 481280K, 0% used [0x00000000e0000000,0x00000000e0000000,0x00000000fd600000)
  from space 19968K, 97% used [0x00000000fd600000,0x00000000fe90e7b0,0x00000000fe980000)
  to   space 22528K, 0% used [0x00000000fea00000,0x00000000fea00000,0x0000000100000000)
 ParOldGen       total 143360K, used 63504K [0x00000000a0000000, 0x00000000a8c00000, 0x00000000e0000000)
  object space 143360K, 44% used [0x00000000a0000000,0x00000000a3e04018,0x00000000a8c00000)
 Metaspace       used 80646K, capacity 84612K, committed 84864K, reserved 1122304K
  class space    used 10590K, capacity 11356K, committed 11392K, reserved 1048576K
}
Event: 116.542 GC heap before
{Heap before GC invocations=35 (full 3):
 PSYoungGen      total 501248K, used 500793K [0x00000000e0000000, 0x0000000100000000, 0x0000000100000000)
  eden space 481280K, 100% used [0x00000000e0000000,0x00000000fd600000,0x00000000fd600000)
  from space 19968K, 97% used [0x00000000fd600000,0x00000000fe90e7b0,0x00000000fe980000)
  to   space 22528K, 0% used [0x00000000fea00000,0x00000000fea00000,0x0000000100000000)
 ParOldGen       total 143360K, used 63504K [0x00000000a0000000, 0x00000000a8c00000, 0x00000000e0000000)
  object space 143360K, 44% used [0x00000000a0000000,0x00000000a3e04018,0x00000000a8c00000)
 Metaspace       used 80657K, capacity 84612K, committed 84864K, reserved 1122304K
  class space    used 10590K, capacity 11356K, committed 11392K, reserved 1048576K
Event: 116.567 GC heap after
Heap after GC invocations=35 (full 3):
 PSYoungGen      total 491520K, used 22502K [0x00000000e0000000, 0x0000000100000000, 0x0000000100000000)
  eden space 468992K, 0% used [0x00000000e0000000,0x00000000e0000000,0x00000000fca00000)
  from space 22528K, 99% used [0x00000000fea00000,0x00000000ffff9bd0,0x0000000100000000)
  to   space 27648K, 0% used [0x00000000fca00000,0x00000000fca00000,0x00000000fe500000)
 ParOldGen       total 143360K, used 70602K [0x00000000a0000000, 0x00000000a8c00000, 0x00000000e0000000)
  object space 143360K, 49% used [0x00000000a0000000,0x00000000a44f2ac0,0x00000000a8c00000)
 Metaspace       used 80657K, capacity 84612K, committed 84864K, reserved 1122304K
  class space    used 10590K, capacity 11356K, committed 11392K, reserved 1048576K
}
Event: 117.483 GC heap before
{Heap before GC invocations=36 (full 3):
 PSYoungGen      total 491520K, used 491494K [0x00000000e0000000, 0x0000000100000000, 0x0000000100000000)
  eden space 468992K, 100% used [0x00000000e0000000,0x00000000fca00000,0x00000000fca00000)
  from space 22528K, 99% used [0x00000000fea00000,0x00000000ffff9bd0,0x0000000100000000)
  to   space 27648K, 0% used [0x00000000fca00000,0x00000000fca00000,0x00000000fe500000)
 ParOldGen       total 143360K, used 70602K [0x00000000a0000000, 0x00000000a8c00000, 0x00000000e0000000)
  object space 143360K, 49% used [0x00000000a0000000,0x00000000a44f2ac0,0x00000000a8c00000)
 Metaspace       used 80676K, capacity 84612K, committed 84864K, reserved 1122304K
  class space    used 10590K, capacity 11356K, committed 11392K, reserved 1048576K
Event: 117.518 GC heap after
Heap after GC invocations=36 (full 3):
 PSYoungGen      total 491008K, used 21511K [0x00000000e0000000, 0x0000000100000000, 0x0000000100000000)
  eden space 468992K, 0% used [0x00000000e0000000,0x00000000e0000000,0x00000000fca00000)
  from space 22016K, 97% used [0x00000000fca00000,0x00000000fdf01c88,0x00000000fdf80000)
  to   space 29184K, 0% used [0x00000000fe380000,0x00000000fe380000,0x0000000100000000)
 ParOldGen       total 143360K, used 70986K [0x00000000a0000000, 0x00000000a8c00000, 0x00000000e0000000)
  object space 143360K, 49% used [0x00000000a0000000,0x00000000a4552ad0,0x00000000a8c00000)
 Metaspace       used 80676K, capacity 84612K, committed 84864K, reserved 1122304K
  class space    used 10590K, capacity 11356K, committed 11392K, reserved 1048576K
}
Event: 118.740 GC heap before
{Heap before GC invocations=37 (full 3):
 PSYoungGen      total 491008K, used 490503K [0x00000000e0000000, 0x0000000100000000, 0x0000000100000000)
  eden space 468992K, 100% used [0x00000000e0000000,0x00000000fca00000,0x00000000fca00000)
  from space 22016K, 97% used [0x00000000fca00000,0x00000000fdf01c88,0x00000000fdf80000)
  to   space 29184K, 0% used [0x00000000fe380000,0x00000000fe380000,0x0000000100000000)
 ParOldGen       total 143360K, used 70986K [0x00000000a0000000, 0x00000000a8c00000, 0x00000000e0000000)
  object space 143360K, 49% used [0x00000000a0000000,0x00000000a4552ad0,0x00000000a8c00000)
 Metaspace       used 80977K, capacity 84932K, committed 85248K, reserved 1122304K
  class space    used 10631K, capacity 11400K, committed 11520K, reserved 1048576K
Event: 118.768 GC heap after
Heap after GC invocations=37 (full 3):
 PSYoungGen      total 491008K, used 25072K [0x00000000e0000000, 0x0000000100000000, 0x0000000100000000)
  eden space 461824K, 0% used [0x00000000e0000000,0x00000000e0000000,0x00000000fc300000)
  from space 29184K, 85% used [0x00000000fe380000,0x00000000ffbfc138,0x0000000100000000)
  to   space 31232K, 0% used [0x00000000fc300000,0x00000000fc300000,0x00000000fe180000)
 ParOldGen       total 143360K, used 70986K [0x00000000a0000000, 0x00000000a8c00000, 0x00000000e0000000)
  object space 143360K, 49% used [0x00000000a0000000,0x00000000a4552ad0,0x00000000a8c00000)
 Metaspace       used 80977K, capacity 84932K, committed 85248K, reserved 1122304K
  class space    used 10631K, capacity 11400K, committed 11520K, reserved 1048576K
}

